#
# There is insufficient memory for the Java Runtime Environment to continue.
# Native memory allocation (malloc) failed to allocate 1048576 bytes. Error detail: AllocateHeap
# Possible reasons:
#   The system is out of physical RAM or swap space
#   This process is running with CompressedOops enabled, and the Java Heap may be blocking the growth of the native heap
# Possible solutions:
#   Reduce memory load on the system
#   Increase physical memory or swap space
#   Check if swap backing store is full
#   Decrease Java heap size (-Xmx/-Xms)
#   Decrease number of Java threads
#   Decrease Java thread stack sizes (-Xss)
#   Set larger code cache with -XX:ReservedCodeCacheSize=
#   JVM is running with Unscaled Compressed Oops mode in which the Java heap is
#     placed in the first 4GB address space. The Java Heap base address is the
#     maximum limit for the native heap growth. Please use -XX:HeapBaseMinAddress
#     to set the Java Heap base and to place the Java Heap above 4GB virtual address.
# This output file may be truncated or incomplete.
#
#  Out of Memory Error (allocation.cpp:44), pid=26808, tid=27728
#
# JRE version: OpenJDK Runtime Environment Temurin-21.0.8+9 (21.0.8+9) (build 21.0.8+9-LTS)
# Java VM: OpenJDK 64-Bit Server VM Temurin-21.0.8+9 (21.0.8+9-LTS, mixed mode, sharing, tiered, compressed oops, compressed class ptrs, parallel gc, windows-amd64)
# No core dump will be written. Minidumps are not enabled by default on client versions of Windows
#

---------------  S U M M A R Y ------------

Command Line: --add-modules=ALL-SYSTEM --add-opens=java.base/java.util=ALL-UNNAMED --add-opens=java.base/java.lang=ALL-UNNAMED --add-opens=java.base/sun.nio.fs=ALL-UNNAMED -Declipse.application=org.eclipse.jdt.ls.core.id1 -Dosgi.bundles.defaultStartLevel=4 -Declipse.product=org.eclipse.jdt.ls.core.product -Djava.import.generatesMetadataFilesAtProjectRoot=false -DDetectVMInstallationsJob.disabled=true -Dfile.encoding=utf8 -XX:+UseParallelGC -XX:GCTimeRatio=4 -XX:AdaptiveSizePolicyWeight=90 -Dsun.zip.disableMemoryMapping=true -Xmx2G -Xms100m -Xlog:disable -javaagent:c:\Users\loc_1\.vscode\extensions\redhat.java-1.47.0-win32-x64\lombok\lombok-1.18.39-4050.jar -XX:+HeapDumpOnOutOfMemoryError -XX:HeapDumpPath=c:\Users\loc_1\AppData\Roaming\Code\User\workspaceStorage\8e8c4f5d2c35d41082ddde6eea0cbc64\redhat.java -Daether.dependencyCollector.impl=bf c:\Users\loc_1\.vscode\extensions\redhat.java-1.47.0-win32-x64\server\plugins\org.eclipse.equinox.launcher_1.7.100.v20251014-1222.jar -configuration c:\Users\loc_1\AppData\Roaming\Code\User\globalStorage\redhat.java\1.47.0\config_win -data c:\Users\loc_1\AppData\Roaming\Code\User\workspaceStorage\8e8c4f5d2c35d41082ddde6eea0cbc64\redhat.java\jdt_ws --pipe=\\.\pipe\lsp-d8e313625dff07eaa46b444b59eff1c2-sock

Host: AMD Ryzen 5 7430U with Radeon Graphics         , 12 cores, 5G,  Windows 11 , 64 bit Build 26100 (10.0.26100.7019)
Time: Tue Nov 11 20:19:47 2025 Hora estándar central (México) elapsed time: 15451.273166 seconds (0d 4h 17m 31s)

---------------  T H R E A D  ---------------

Current thread (0x0000022ceae363f0):  JavaThread "Attach Listener" daemon [_thread_in_vm, id=27728, stack(0x000000df97000000,0x000000df97100000) (1024K)]

Stack: [0x000000df97000000,0x000000df97100000]
Native frames: (J=compiled Java code, j=interpreted, Vv=VM code, C=native code)
V  [jvm.dll+0x6d2449]
V  [jvm.dll+0x8ae341]
V  [jvm.dll+0x8b08be]
V  [jvm.dll+0x8b0fa3]
V  [jvm.dll+0x280c96]
V  [jvm.dll+0xc0347]
V  [jvm.dll+0x6d2cf9]
V  [jvm.dll+0x131116]
V  [jvm.dll+0x3f2d16]
V  [jvm.dll+0x857e6b]
V  [jvm.dll+0x6d0b0d]
C  [ucrtbase.dll+0x37b0]
C  [KERNEL32.DLL+0x2e8d7]
C  [ntdll.dll+0x8c53c]


---------------  P R O C E S S  ---------------

Threads class SMR info:
_java_thread_list=0x0000022ccaab55c0, length=39, elements={
0x0000022ce93ba300, 0x0000022ceae33400, 0x0000022cfdf9dc30, 0x0000022ceae357a0,
0x0000022ceae363f0, 0x0000022ceae37040, 0x0000022ceae39ea0, 0x0000022ceae3e190,
0x0000022ceae402b0, 0x0000022cff4fae40, 0x0000022cff773c60, 0x0000022cc59f1f90,
0x0000022cc59f2620, 0x0000022cc59f1270, 0x0000022cc59f1900, 0x0000022cca1d88c0,
0x0000022cca1dd780, 0x0000022cca1dc3d0, 0x0000022cca1dca60, 0x0000022cca1df850,
0x0000022ccbdd3710, 0x0000022ccbdd4ac0, 0x0000022ccbdd3da0, 0x0000022ccbdd5e70,
0x0000022ccbdd4430, 0x0000022ccbdd6b90, 0x0000022ccbdd5150, 0x0000022ccbdd57e0,
0x0000022ccbdd6500, 0x0000022ccafb3d80, 0x0000022ccafb4410, 0x0000022ccafb4aa0,
0x0000022ccafb3060, 0x0000022ccafb5130, 0x0000022ccafb57c0, 0x0000022ccafb2340,
0x0000022ccabcfad0, 0x0000022ccabccce0, 0x0000022ccabca580
}

Java Threads: ( => current thread )
  0x0000022ce93ba300 JavaThread "main"                              [_thread_blocked, id=11996, stack(0x000000df96900000,0x000000df96a00000) (1024K)]
  0x0000022ceae33400 JavaThread "Reference Handler"          daemon [_thread_blocked, id=25376, stack(0x000000df96d00000,0x000000df96e00000) (1024K)]
  0x0000022cfdf9dc30 JavaThread "Finalizer"                  daemon [_thread_blocked, id=28288, stack(0x000000df96e00000,0x000000df96f00000) (1024K)]
  0x0000022ceae357a0 JavaThread "Signal Dispatcher"          daemon [_thread_blocked, id=21016, stack(0x000000df96f00000,0x000000df97000000) (1024K)]
=>0x0000022ceae363f0 JavaThread "Attach Listener"            daemon [_thread_in_vm, id=27728, stack(0x000000df97000000,0x000000df97100000) (1024K)]
  0x0000022ceae37040 JavaThread "Service Thread"             daemon [_thread_blocked, id=30172, stack(0x000000df97100000,0x000000df97200000) (1024K)]
  0x0000022ceae39ea0 JavaThread "Monitor Deflation Thread"   daemon [_thread_blocked, id=22096, stack(0x000000df97200000,0x000000df97300000) (1024K)]
  0x0000022ceae3e190 JavaThread "C2 CompilerThread0"         daemon [_thread_blocked, id=16788, stack(0x000000df97300000,0x000000df97400000) (1024K)]
  0x0000022ceae402b0 JavaThread "C1 CompilerThread0"         daemon [_thread_blocked, id=27456, stack(0x000000df97400000,0x000000df97500000) (1024K)]
  0x0000022cff4fae40 JavaThread "Common-Cleaner"             daemon [_thread_blocked, id=24988, stack(0x000000df97500000,0x000000df97600000) (1024K)]
  0x0000022cff773c60 JavaThread "Notification Thread"        daemon [_thread_blocked, id=30184, stack(0x000000df97700000,0x000000df97800000) (1024K)]
  0x0000022cc59f1f90 JavaThread "Active Thread: Equinox Container: 2d5fa3f3-6833-404c-b1cb-2922a4a11b96"        [_thread_blocked, id=14152, stack(0x000000df98300000,0x000000df98400000) (1024K)]
  0x0000022cc59f2620 JavaThread "Framework Event Dispatcher: Equinox Container: 2d5fa3f3-6833-404c-b1cb-2922a4a11b96" daemon [_thread_blocked, id=32148, stack(0x000000df98400000,0x000000df98500000) (1024K)]
  0x0000022cc59f1270 JavaThread "Start Level: Equinox Container: 2d5fa3f3-6833-404c-b1cb-2922a4a11b96" daemon [_thread_blocked, id=26188, stack(0x000000df98500000,0x000000df98600000) (1024K)]
  0x0000022cc59f1900 JavaThread "Refresh Thread: Equinox Container: 2d5fa3f3-6833-404c-b1cb-2922a4a11b96" daemon [_thread_blocked, id=18396, stack(0x000000df98700000,0x000000df98800000) (1024K)]
  0x0000022cca1d88c0 JavaThread "Bundle File Closer"         daemon [_thread_blocked, id=23980, stack(0x000000df99000000,0x000000df99100000) (1024K)]
  0x0000022cca1dd780 JavaThread "SCR Component Actor"        daemon [_thread_blocked, id=20592, stack(0x000000df99200000,0x000000df99300000) (1024K)]
  0x0000022cca1dc3d0 JavaThread "Worker-JM"                         [_thread_blocked, id=8364, stack(0x000000df99300000,0x000000df99400000) (1024K)]
  0x0000022cca1dca60 JavaThread "Java indexing"              daemon [_thread_blocked, id=19772, stack(0x000000df99600000,0x000000df99700000) (1024K)]
  0x0000022cca1df850 JavaThread "JNA Cleaner"                daemon [_thread_blocked, id=14024, stack(0x000000df99900000,0x000000df99a00000) (1024K)]
  0x0000022ccbdd3710 JavaThread "Thread-1"                   daemon [_thread_in_native, id=13916, stack(0x000000df99e00000,0x000000df99f00000) (1024K)]
  0x0000022ccbdd4ac0 JavaThread "Thread-2"                   daemon [_thread_in_native, id=18372, stack(0x000000df99f00000,0x000000df9a000000) (1024K)]
  0x0000022ccbdd3da0 JavaThread "Thread-3"                   daemon [_thread_in_native, id=8524, stack(0x000000df9a000000,0x000000df9a100000) (1024K)]
  0x0000022ccbdd5e70 JavaThread "Thread-4"                   daemon [_thread_in_native, id=22168, stack(0x000000df9a100000,0x000000df9a200000) (1024K)]
  0x0000022ccbdd4430 JavaThread "Thread-5"                   daemon [_thread_in_native, id=12320, stack(0x000000df9a200000,0x000000df9a300000) (1024K)]
  0x0000022ccbdd6b90 JavaThread "Thread-6"                   daemon [_thread_in_native, id=9636, stack(0x000000df9a300000,0x000000df9a400000) (1024K)]
  0x0000022ccbdd5150 JavaThread "Thread-7"                   daemon [_thread_in_native, id=5096, stack(0x000000df9a400000,0x000000df9a500000) (1024K)]
  0x0000022ccbdd57e0 JavaThread "Thread-8"                   daemon [_thread_in_native, id=23024, stack(0x000000df9a500000,0x000000df9a600000) (1024K)]
  0x0000022ccbdd6500 JavaThread "Thread-9"                   daemon [_thread_in_native, id=15792, stack(0x000000df9a600000,0x000000df9a700000) (1024K)]
  0x0000022ccafb3d80 JavaThread "Thread-10"                  daemon [_thread_in_native, id=4156, stack(0x000000df9a700000,0x000000df9a800000) (1024K)]
  0x0000022ccafb4410 JavaThread "Thread-11"                  daemon [_thread_in_native, id=31912, stack(0x000000df9a800000,0x000000df9a900000) (1024K)]
  0x0000022ccafb4aa0 JavaThread "Thread-12"                  daemon [_thread_in_native, id=12592, stack(0x000000df9a900000,0x000000df9aa00000) (1024K)]
  0x0000022ccafb3060 JavaThread "Thread-13"                  daemon [_thread_in_native, id=14788, stack(0x000000df9aa00000,0x000000df9ab00000) (1024K)]
  0x0000022ccafb5130 JavaThread "pool-2-thread-1"                   [_thread_blocked, id=23992, stack(0x000000df9ab00000,0x000000df9ac00000) (1024K)]
  0x0000022ccafb57c0 JavaThread "WorkspaceEventsHandler"            [_thread_blocked, id=12232, stack(0x000000df9ac00000,0x000000df9ad00000) (1024K)]
  0x0000022ccafb2340 JavaThread "pool-1-thread-1"                   [_thread_blocked, id=23504, stack(0x000000df9ad00000,0x000000df9ae00000) (1024K)]
  0x0000022ccabcfad0 JavaThread "Cleaner-0"                  daemon [_thread_blocked, id=31988, stack(0x000000df99100000,0x000000df99200000) (1024K)]
  0x0000022ccabccce0 JavaThread "Worker-21"                         [_thread_blocked, id=17928, stack(0x000000df99400000,0x000000df99500000) (1024K)]
  0x0000022ccabca580 JavaThread "Worker-23"                         [_thread_blocked, id=15880, stack(0x000000df99800000,0x000000df99900000) (1024K)]
Total: 39

Other Threads:
  0x0000022cfdf84960 VMThread "VM Thread"                           [id=17812, stack(0x000000df96c00000,0x000000df96d00000) (1024K)]
  0x0000022cfde7ca00 WatcherThread "VM Periodic Task Thread"        [id=16004, stack(0x000000df96b00000,0x000000df96c00000) (1024K)]
  0x0000022ceadaa6b0 WorkerThread "GC Thread#0"                     [id=18092, stack(0x000000df96a00000,0x000000df96b00000) (1024K)]
  0x0000022cc5a787d0 WorkerThread "GC Thread#1"                     [id=22664, stack(0x000000df97800000,0x000000df97900000) (1024K)]
  0x0000022cc57de010 WorkerThread "GC Thread#2"                     [id=17520, stack(0x000000df97900000,0x000000df97a00000) (1024K)]
  0x0000022cc57de3b0 WorkerThread "GC Thread#3"                     [id=6716, stack(0x000000df97a00000,0x000000df97b00000) (1024K)]
  0x0000022cc57de750 WorkerThread "GC Thread#4"                     [id=23996, stack(0x000000df97b00000,0x000000df97c00000) (1024K)]
  0x0000022cc57deaf0 WorkerThread "GC Thread#5"                     [id=17940, stack(0x000000df97c00000,0x000000df97d00000) (1024K)]
  0x0000022cc57dee90 WorkerThread "GC Thread#6"                     [id=30404, stack(0x000000df97d00000,0x000000df97e00000) (1024K)]
  0x0000022cc5a62520 WorkerThread "GC Thread#7"                     [id=13492, stack(0x000000df98600000,0x000000df98700000) (1024K)]
  0x0000022cca3f4e80 WorkerThread "GC Thread#8"                     [id=24044, stack(0x000000df98e00000,0x000000df98f00000) (1024K)]
  0x0000022cca3f5960 WorkerThread "GC Thread#9"                     [id=5452, stack(0x000000df98f00000,0x000000df99000000) (1024K)]
Total: 12

Threads with active compile tasks:
Total: 0

VM state: not at safepoint (normal execution)

VM Mutex/Monitor currently owned by a thread: None

Heap address: 0x0000000080000000, size: 2048 MB, Compressed Oops mode: 32-bit

CDS archive(s) mapped at: [0x0000022c84000000-0x0000022c84ba0000-0x0000022c84ba0000), size 12189696, SharedBaseAddress: 0x0000022c84000000, ArchiveRelocationMode: 1.
Compressed class space mapped at: 0x0000022c85000000-0x0000022cc5000000, reserved size: 1073741824
Narrow klass base: 0x0000022c84000000, Narrow klass shift: 0, Narrow klass range: 0x100000000

GC Precious Log:
 CardTable entry size: 512
 CPUs: 12 total, 12 available
 Memory: 5981M
 Large Page Support: Disabled
 NUMA Support: Disabled
 Compressed Oops: Enabled (32-bit)
 Alignments: Space 512K, Generation 512K, Heap 2M
 Heap Min Capacity: 100M
 Heap Initial Capacity: 100M
 Heap Max Capacity: 2G
 Pre-touch: Disabled
 Parallel Workers: 10

Heap:
 PSYoungGen      total 10752K, used 9368K [0x00000000d5580000, 0x00000000d7900000, 0x0000000100000000)
  eden space 6656K, 79% used [0x00000000d5580000,0x00000000d5aab9c8,0x00000000d5c00000)
  from space 4096K, 99% used [0x00000000d6700000,0x00000000d6afa6c8,0x00000000d6b00000)
  to   space 11264K, 0% used [0x00000000d5c00000,0x00000000d5c00000,0x00000000d6700000)
 ParOldGen       total 692736K, used 614938K [0x0000000080000000, 0x00000000aa480000, 0x00000000d5580000)
  object space 692736K, 88% used [0x0000000080000000,0x00000000a5886950,0x00000000aa480000)
 Metaspace       used 86158K, committed 87936K, reserved 1179648K
  class space    used 8773K, committed 9600K, reserved 1048576K

Card table byte_map: [0x0000022cfd2b0000,0x0000022cfd6c0000] _byte_map_base: 0x0000022cfceb0000

Marking Bits: (ParMarkBitMap*) 0x00007ffb440da340
 Begin Bits: [0x0000022c80000000, 0x0000022c82000000)
 End Bits:   [0x0000022c82000000, 0x0000022c84000000)

Polling page: 0x0000022ce9560000

Metaspace:

Usage:
  Non-class:     75.57 MB used.
      Class:      8.57 MB used.
       Both:     84.14 MB used.

Virtual space:
  Non-class space:      128.00 MB reserved,      76.50 MB ( 60%) committed,  2 nodes.
      Class space:        1.00 GB reserved,       9.38 MB ( <1%) committed,  1 nodes.
             Both:        1.12 GB reserved,      85.88 MB (  7%) committed. 

Chunk freelists:
   Non-Class:  3.21 MB
       Class:  6.47 MB
        Both:  9.68 MB

MaxMetaspaceSize: unlimited
CompressedClassSpaceSize: 1.00 GB
Initial GC threshold: 21.00 MB
Current GC threshold: 133.75 MB
CDS: on
 - commit_granule_bytes: 65536.
 - commit_granule_words: 8192.
 - virtual_space_node_default_size: 8388608.
 - enlarge_chunks_in_place: 1.
 - use_allocation_guard: 0.


Internal statistics:

num_allocs_failed_limit: 9.
num_arena_births: 1764.
num_arena_deaths: 82.
num_vsnodes_births: 3.
num_vsnodes_deaths: 0.
num_space_committed: 1374.
num_space_uncommitted: 0.
num_chunks_returned_to_freelist: 119.
num_chunks_taken_from_freelist: 5889.
num_chunk_merges: 25.
num_chunk_splits: 3531.
num_chunks_enlarged: 1958.
num_inconsistent_stats: 0.

CodeHeap 'non-profiled nmethods': size=120000Kb used=17132Kb max_used=17132Kb free=102867Kb
 bounds [0x0000022cf5ba0000, 0x0000022cf6c60000, 0x0000022cfd0d0000]
CodeHeap 'profiled nmethods': size=120000Kb used=48341Kb max_used=48341Kb free=71658Kb
 bounds [0x0000022cee0d0000, 0x0000022cf1010000, 0x0000022cf5600000]
CodeHeap 'non-nmethods': size=5760Kb used=1524Kb max_used=1605Kb free=4235Kb
 bounds [0x0000022cf5600000, 0x0000022cf5870000, 0x0000022cf5ba0000]
CodeCache: size=245760Kb, used=66997Kb, max_used=67078Kb, free=178760Kb
 total_blobs=20771, nmethods=19926, adapters=747, full_count=0
Compilation: enabled, stopped_count=0, restarted_count=0

Compilation events (20 events):
Event: 7684.536 Thread 0x0000022ceae402b0 22113   !   3       org.eclipse.osgi.internal.framework.StorageSaver$StorageSaverTask::run (31 bytes)
Event: 7684.575 Thread 0x0000022ceae402b0 nmethod 22113 0x0000022cf0fff310 code [0x0000022cf0fff4e0, 0x0000022cf0fff780]
Event: 7684.575 Thread 0x0000022ceae402b0 22114   !   3       org.eclipse.osgi.storage.Storage::save (62 bytes)
Event: 7684.582 Thread 0x0000022ceae402b0 nmethod 22114 0x0000022cf0fff910 code [0x0000022cf0fffb00, 0x0000022cf0fffe70]
Event: 7684.582 Thread 0x0000022ceae402b0 22115   !   3       org.eclipse.osgi.storage.Storage::save0 (246 bytes)
Event: 7684.666 Thread 0x0000022ceae402b0 nmethod 22115 0x0000022cf1000010 code [0x0000022cf1000520, 0x0000022cf1003108]
Event: 8628.556 Thread 0x0000022ceae3e190 22116       4       jdk.internal.loader.ClassLoaders::platformClassLoader (4 bytes)
Event: 8628.569 Thread 0x0000022ceae3e190 nmethod 22116 0x0000022cf6c5a410 code [0x0000022cf6c5a5a0, 0x0000022cf6c5a610]
Event: 9018.719 Thread 0x0000022ceae402b0 22117       3       java.lang.ClassLoader::getBuiltinPlatformClassLoader (4 bytes)
Event: 9018.756 Thread 0x0000022ceae402b0 nmethod 22117 0x0000022cf1004690 code [0x0000022cf1004840, 0x0000022cf1004990]
Event: 9078.750 Thread 0x0000022ceae402b0 22118       3       java.lang.ClassLoader::getPlatformClassLoader (21 bytes)
Event: 9078.760 Thread 0x0000022ceae402b0 nmethod 22118 0x0000022cf1004a10 code [0x0000022cf1004be0, 0x0000022cf1004e70]
Event: 10206.267 Thread 0x0000022ceae402b0 22119       3       org.eclipse.core.internal.resources.MarkerAttributeMap::getMap (11 bytes)
Event: 10206.300 Thread 0x0000022ceae402b0 nmethod 22119 0x0000022cf1004f90 code [0x0000022cf1005140, 0x0000022cf1005380]
Event: 12738.729 Thread 0x0000022ceae3e190 22120       4       java.util.concurrent.ScheduledThreadPoolExecutor::canRunInCurrentRunState (61 bytes)
Event: 12738.772 Thread 0x0000022ceae3e190 nmethod 22120 0x0000022cf6c5a710 code [0x0000022cf6c5a8a0, 0x0000022cf6c5a968]
Event: 14510.196 Thread 0x0000022ceae3e190 22121       4       java.util.concurrent.locks.AbstractQueuedSynchronizer$ConditionObject::canReacquire (38 bytes)
Event: 14510.238 Thread 0x0000022ceae3e190 nmethod 22121 0x0000022cf6c5aa90 code [0x0000022cf6c5ac20, 0x0000022cf6c5ad30]
Event: 14826.443 Thread 0x0000022ceae3e190 22122       4       java.util.concurrent.ThreadPoolExecutor$Worker::unlock (7 bytes)
Event: 14826.489 Thread 0x0000022ceae3e190 nmethod 22122 0x0000022cf6c5ae10 code [0x0000022cf6c5afa0, 0x0000022cf6c5b0b8]

GC Heap History (20 events):
Event: 1825.072 GC heap before
{Heap before GC invocations=1205 (full 4):
 PSYoungGen      total 11264K, used 11254K [0x00000000d5580000, 0x00000000d6700000, 0x0000000100000000)
  eden space 10752K, 100% used [0x00000000d5580000,0x00000000d6000000,0x00000000d6000000)
  from space 512K, 98% used [0x00000000d6380000,0x00000000d63fdbf8,0x00000000d6400000)
  to   space 3584K, 0% used [0x00000000d6000000,0x00000000d6000000,0x00000000d6380000)
 ParOldGen       total 692736K, used 590282K [0x0000000080000000, 0x00000000aa480000, 0x00000000d5580000)
  object space 692736K, 85% used [0x0000000080000000,0x00000000a4072958,0x00000000aa480000)
 Metaspace       used 85964K, committed 87744K, reserved 1179648K
  class space    used 8772K, committed 9600K, reserved 1048576K
}
Event: 1825.080 GC heap after
{Heap after GC invocations=1205 (full 4):
 PSYoungGen      total 12800K, used 2030K [0x00000000d5580000, 0x00000000d6500000, 0x0000000100000000)
  eden space 10752K, 0% used [0x00000000d5580000,0x00000000d5580000,0x00000000d6000000)
  from space 2048K, 99% used [0x00000000d6000000,0x00000000d61fb948,0x00000000d6200000)
  to   space 2560K, 0% used [0x00000000d6280000,0x00000000d6280000,0x00000000d6500000)
 ParOldGen       total 692736K, used 590795K [0x0000000080000000, 0x00000000aa480000, 0x00000000d5580000)
  object space 692736K, 85% used [0x0000000080000000,0x00000000a40f2d78,0x00000000aa480000)
 Metaspace       used 85964K, committed 87744K, reserved 1179648K
  class space    used 8772K, committed 9600K, reserved 1048576K
}
Event: 1825.308 GC heap before
{Heap before GC invocations=1206 (full 4):
 PSYoungGen      total 12800K, used 12782K [0x00000000d5580000, 0x00000000d6500000, 0x0000000100000000)
  eden space 10752K, 100% used [0x00000000d5580000,0x00000000d6000000,0x00000000d6000000)
  from space 2048K, 99% used [0x00000000d6000000,0x00000000d61fb948,0x00000000d6200000)
  to   space 2560K, 0% used [0x00000000d6280000,0x00000000d6280000,0x00000000d6500000)
 ParOldGen       total 692736K, used 590795K [0x0000000080000000, 0x00000000aa480000, 0x00000000d5580000)
  object space 692736K, 85% used [0x0000000080000000,0x00000000a40f2d78,0x00000000aa480000)
 Metaspace       used 85993K, committed 87808K, reserved 1179648K
  class space    used 8772K, committed 9600K, reserved 1048576K
}
Event: 1825.316 GC heap after
{Heap after GC invocations=1206 (full 4):
 PSYoungGen      total 12288K, used 1310K [0x00000000d5580000, 0x00000000d6400000, 0x0000000100000000)
  eden space 10752K, 0% used [0x00000000d5580000,0x00000000d5580000,0x00000000d6000000)
  from space 1536K, 85% used [0x00000000d6280000,0x00000000d63c7938,0x00000000d6400000)
  to   space 2048K, 0% used [0x00000000d6000000,0x00000000d6000000,0x00000000d6200000)
 ParOldGen       total 692736K, used 592712K [0x0000000080000000, 0x00000000aa480000, 0x00000000d5580000)
  object space 692736K, 85% used [0x0000000080000000,0x00000000a42d21f8,0x00000000aa480000)
 Metaspace       used 85993K, committed 87808K, reserved 1179648K
  class space    used 8772K, committed 9600K, reserved 1048576K
}
Event: 1827.901 GC heap before
{Heap before GC invocations=1207 (full 4):
 PSYoungGen      total 12288K, used 12062K [0x00000000d5580000, 0x00000000d6400000, 0x0000000100000000)
  eden space 10752K, 100% used [0x00000000d5580000,0x00000000d6000000,0x00000000d6000000)
  from space 1536K, 85% used [0x00000000d6280000,0x00000000d63c7938,0x00000000d6400000)
  to   space 2048K, 0% used [0x00000000d6000000,0x00000000d6000000,0x00000000d6200000)
 ParOldGen       total 692736K, used 592712K [0x0000000080000000, 0x00000000aa480000, 0x00000000d5580000)
  object space 692736K, 85% used [0x0000000080000000,0x00000000a42d21f8,0x00000000aa480000)
 Metaspace       used 86010K, committed 87808K, reserved 1179648K
  class space    used 8772K, committed 9600K, reserved 1048576K
}
Event: 1827.910 GC heap after
{Heap after GC invocations=1207 (full 4):
 PSYoungGen      total 12800K, used 1634K [0x00000000d5580000, 0x00000000d6400000, 0x0000000100000000)
  eden space 10752K, 0% used [0x00000000d5580000,0x00000000d5580000,0x00000000d6000000)
  from space 2048K, 79% used [0x00000000d6000000,0x00000000d6198898,0x00000000d6200000)
  to   space 2048K, 0% used [0x00000000d6200000,0x00000000d6200000,0x00000000d6400000)
 ParOldGen       total 692736K, used 593280K [0x0000000080000000, 0x00000000aa480000, 0x00000000d5580000)
  object space 692736K, 85% used [0x0000000080000000,0x00000000a4360208,0x00000000aa480000)
 Metaspace       used 86010K, committed 87808K, reserved 1179648K
  class space    used 8772K, committed 9600K, reserved 1048576K
}
Event: 1827.999 GC heap before
{Heap before GC invocations=1208 (full 4):
 PSYoungGen      total 12800K, used 12386K [0x00000000d5580000, 0x00000000d6400000, 0x0000000100000000)
  eden space 10752K, 100% used [0x00000000d5580000,0x00000000d6000000,0x00000000d6000000)
  from space 2048K, 79% used [0x00000000d6000000,0x00000000d6198898,0x00000000d6200000)
  to   space 2048K, 0% used [0x00000000d6200000,0x00000000d6200000,0x00000000d6400000)
 ParOldGen       total 692736K, used 593280K [0x0000000080000000, 0x00000000aa480000, 0x00000000d5580000)
  object space 692736K, 85% used [0x0000000080000000,0x00000000a4360208,0x00000000aa480000)
 Metaspace       used 86042K, committed 87872K, reserved 1179648K
  class space    used 8772K, committed 9600K, reserved 1048576K
}
Event: 1828.009 GC heap after
{Heap after GC invocations=1208 (full 4):
 PSYoungGen      total 11776K, used 608K [0x00000000d5580000, 0x00000000d6300000, 0x0000000100000000)
  eden space 10752K, 0% used [0x00000000d5580000,0x00000000d5580000,0x00000000d6000000)
  from space 1024K, 59% used [0x00000000d6200000,0x00000000d6298000,0x00000000d6300000)
  to   space 1024K, 0% used [0x00000000d6100000,0x00000000d6100000,0x00000000d6200000)
 ParOldGen       total 692736K, used 594739K [0x0000000080000000, 0x00000000aa480000, 0x00000000d5580000)
  object space 692736K, 85% used [0x0000000080000000,0x00000000a44cccc0,0x00000000aa480000)
 Metaspace       used 86042K, committed 87872K, reserved 1179648K
  class space    used 8772K, committed 9600K, reserved 1048576K
}
Event: 1828.230 GC heap before
{Heap before GC invocations=1209 (full 4):
 PSYoungGen      total 11776K, used 11360K [0x00000000d5580000, 0x00000000d6300000, 0x0000000100000000)
  eden space 10752K, 100% used [0x00000000d5580000,0x00000000d6000000,0x00000000d6000000)
  from space 1024K, 59% used [0x00000000d6200000,0x00000000d6298000,0x00000000d6300000)
  to   space 1024K, 0% used [0x00000000d6100000,0x00000000d6100000,0x00000000d6200000)
 ParOldGen       total 692736K, used 594739K [0x0000000080000000, 0x00000000aa480000, 0x00000000d5580000)
  object space 692736K, 85% used [0x0000000080000000,0x00000000a44cccc0,0x00000000aa480000)
 Metaspace       used 86052K, committed 87872K, reserved 1179648K
  class space    used 8773K, committed 9600K, reserved 1048576K
}
Event: 1828.237 GC heap after
{Heap after GC invocations=1209 (full 4):
 PSYoungGen      total 11776K, used 1012K [0x00000000d5580000, 0x00000000d6600000, 0x0000000100000000)
  eden space 10752K, 0% used [0x00000000d5580000,0x00000000d5580000,0x00000000d6000000)
  from space 1024K, 98% used [0x00000000d6100000,0x00000000d61fd100,0x00000000d6200000)
  to   space 3072K, 0% used [0x00000000d6300000,0x00000000d6300000,0x00000000d6600000)
 ParOldGen       total 692736K, used 596128K [0x0000000080000000, 0x00000000aa480000, 0x00000000d5580000)
  object space 692736K, 86% used [0x0000000080000000,0x00000000a4628010,0x00000000aa480000)
 Metaspace       used 86052K, committed 87872K, reserved 1179648K
  class space    used 8773K, committed 9600K, reserved 1048576K
}
Event: 1828.270 GC heap before
{Heap before GC invocations=1210 (full 4):
 PSYoungGen      total 11776K, used 11764K [0x00000000d5580000, 0x00000000d6600000, 0x0000000100000000)
  eden space 10752K, 100% used [0x00000000d5580000,0x00000000d6000000,0x00000000d6000000)
  from space 1024K, 98% used [0x00000000d6100000,0x00000000d61fd100,0x00000000d6200000)
  to   space 3072K, 0% used [0x00000000d6300000,0x00000000d6300000,0x00000000d6600000)
 ParOldGen       total 692736K, used 596128K [0x0000000080000000, 0x00000000aa480000, 0x00000000d5580000)
  object space 692736K, 86% used [0x0000000080000000,0x00000000a4628010,0x00000000aa480000)
 Metaspace       used 86056K, committed 87872K, reserved 1179648K
  class space    used 8773K, committed 9600K, reserved 1048576K
}
Event: 1828.278 GC heap after
{Heap after GC invocations=1210 (full 4):
 PSYoungGen      total 12288K, used 3056K [0x00000000d5580000, 0x00000000d6900000, 0x0000000100000000)
  eden space 9216K, 0% used [0x00000000d5580000,0x00000000d5580000,0x00000000d5e80000)
  from space 3072K, 99% used [0x00000000d6300000,0x00000000d65fc2e8,0x00000000d6600000)
  to   space 4608K, 0% used [0x00000000d5e80000,0x00000000d5e80000,0x00000000d6300000)
 ParOldGen       total 692736K, used 597240K [0x0000000080000000, 0x00000000aa480000, 0x00000000d5580000)
  object space 692736K, 86% used [0x0000000080000000,0x00000000a473e2b8,0x00000000aa480000)
 Metaspace       used 86056K, committed 87872K, reserved 1179648K
  class space    used 8773K, committed 9600K, reserved 1048576K
}
Event: 1828.298 GC heap before
{Heap before GC invocations=1211 (full 4):
 PSYoungGen      total 12288K, used 12272K [0x00000000d5580000, 0x00000000d6900000, 0x0000000100000000)
  eden space 9216K, 100% used [0x00000000d5580000,0x00000000d5e80000,0x00000000d5e80000)
  from space 3072K, 99% used [0x00000000d6300000,0x00000000d65fc2e8,0x00000000d6600000)
  to   space 4608K, 0% used [0x00000000d5e80000,0x00000000d5e80000,0x00000000d6300000)
 ParOldGen       total 692736K, used 597240K [0x0000000080000000, 0x00000000aa480000, 0x00000000d5580000)
  object space 692736K, 86% used [0x0000000080000000,0x00000000a473e2b8,0x00000000aa480000)
 Metaspace       used 86057K, committed 87872K, reserved 1179648K
  class space    used 8773K, committed 9600K, reserved 1048576K
}
Event: 1828.313 GC heap after
{Heap after GC invocations=1211 (full 4):
 PSYoungGen      total 13824K, used 4608K [0x00000000d5580000, 0x00000000d6f80000, 0x0000000100000000)
  eden space 9216K, 0% used [0x00000000d5580000,0x00000000d5580000,0x00000000d5e80000)
  from space 4608K, 100% used [0x00000000d5e80000,0x00000000d6300000,0x00000000d6300000)
  to   space 8704K, 0% used [0x00000000d6700000,0x00000000d6700000,0x00000000d6f80000)
 ParOldGen       total 692736K, used 600369K [0x0000000080000000, 0x00000000aa480000, 0x00000000d5580000)
  object space 692736K, 86% used [0x0000000080000000,0x00000000a4a4c778,0x00000000aa480000)
 Metaspace       used 86057K, committed 87872K, reserved 1179648K
  class space    used 8773K, committed 9600K, reserved 1048576K
}
Event: 1828.334 GC heap before
{Heap before GC invocations=1212 (full 4):
 PSYoungGen      total 13824K, used 13824K [0x00000000d5580000, 0x00000000d6f80000, 0x0000000100000000)
  eden space 9216K, 100% used [0x00000000d5580000,0x00000000d5e80000,0x00000000d5e80000)
  from space 4608K, 100% used [0x00000000d5e80000,0x00000000d6300000,0x00000000d6300000)
  to   space 8704K, 0% used [0x00000000d6700000,0x00000000d6700000,0x00000000d6f80000)
 ParOldGen       total 692736K, used 600369K [0x0000000080000000, 0x00000000aa480000, 0x00000000d5580000)
  object space 692736K, 86% used [0x0000000080000000,0x00000000a4a4c778,0x00000000aa480000)
 Metaspace       used 86061K, committed 87872K, reserved 1179648K
  class space    used 8773K, committed 9600K, reserved 1048576K
}
Event: 1828.365 GC heap after
{Heap after GC invocations=1212 (full 4):
 PSYoungGen      total 16896K, used 5168K [0x00000000d5580000, 0x00000000d6c80000, 0x0000000100000000)
  eden space 11264K, 0% used [0x00000000d5580000,0x00000000d5580000,0x00000000d6080000)
  from space 5632K, 91% used [0x00000000d6700000,0x00000000d6c0c218,0x00000000d6c80000)
  to   space 6144K, 0% used [0x00000000d6080000,0x00000000d6080000,0x00000000d6680000)
 ParOldGen       total 692736K, used 605013K [0x0000000080000000, 0x00000000aa480000, 0x00000000d5580000)
  object space 692736K, 87% used [0x0000000080000000,0x00000000a4ed5668,0x00000000aa480000)
 Metaspace       used 86061K, committed 87872K, reserved 1179648K
  class space    used 8773K, committed 9600K, reserved 1048576K
}
Event: 1828.421 GC heap before
{Heap before GC invocations=1213 (full 4):
 PSYoungGen      total 16896K, used 15808K [0x00000000d5580000, 0x00000000d6c80000, 0x0000000100000000)
  eden space 11264K, 94% used [0x00000000d5580000,0x00000000d5fe4038,0x00000000d6080000)
  from space 5632K, 91% used [0x00000000d6700000,0x00000000d6c0c218,0x00000000d6c80000)
  to   space 6144K, 0% used [0x00000000d6080000,0x00000000d6080000,0x00000000d6680000)
 ParOldGen       total 692736K, used 605013K [0x0000000080000000, 0x00000000aa480000, 0x00000000d5580000)
  object space 692736K, 87% used [0x0000000080000000,0x00000000a4ed5668,0x00000000aa480000)
 Metaspace       used 86075K, committed 87872K, reserved 1179648K
  class space    used 8773K, committed 9600K, reserved 1048576K
}
Event: 1828.440 GC heap after
{Heap after GC invocations=1213 (full 4):
 PSYoungGen      total 17408K, used 2710K [0x00000000d5580000, 0x00000000d6b00000, 0x0000000100000000)
  eden space 11264K, 0% used [0x00000000d5580000,0x00000000d5580000,0x00000000d6080000)
  from space 6144K, 44% used [0x00000000d6080000,0x00000000d6325830,0x00000000d6680000)
  to   space 4096K, 0% used [0x00000000d6700000,0x00000000d6700000,0x00000000d6b00000)
 ParOldGen       total 692736K, used 609244K [0x0000000080000000, 0x00000000aa480000, 0x00000000d5580000)
  object space 692736K, 87% used [0x0000000080000000,0x00000000a52f7278,0x00000000aa480000)
 Metaspace       used 86075K, committed 87872K, reserved 1179648K
  class space    used 8773K, committed 9600K, reserved 1048576K
}
Event: 1828.675 GC heap before
{Heap before GC invocations=1214 (full 4):
 PSYoungGen      total 17408K, used 13973K [0x00000000d5580000, 0x00000000d6b00000, 0x0000000100000000)
  eden space 11264K, 99% used [0x00000000d5580000,0x00000000d607ffc0,0x00000000d6080000)
  from space 6144K, 44% used [0x00000000d6080000,0x00000000d6325830,0x00000000d6680000)
  to   space 4096K, 0% used [0x00000000d6700000,0x00000000d6700000,0x00000000d6b00000)
 ParOldGen       total 692736K, used 609244K [0x0000000080000000, 0x00000000aa480000, 0x00000000d5580000)
  object space 692736K, 87% used [0x0000000080000000,0x00000000a52f7278,0x00000000aa480000)
 Metaspace       used 86093K, committed 87872K, reserved 1179648K
  class space    used 8773K, committed 9600K, reserved 1048576K
}
Event: 1828.694 GC heap after
{Heap after GC invocations=1214 (full 4):
 PSYoungGen      total 10752K, used 4073K [0x00000000d5580000, 0x00000000d7900000, 0x0000000100000000)
  eden space 6656K, 0% used [0x00000000d5580000,0x00000000d5580000,0x00000000d5c00000)
  from space 4096K, 99% used [0x00000000d6700000,0x00000000d6afa6c8,0x00000000d6b00000)
  to   space 11264K, 0% used [0x00000000d5c00000,0x00000000d5c00000,0x00000000d6700000)
 ParOldGen       total 692736K, used 614938K [0x0000000080000000, 0x00000000aa480000, 0x00000000d5580000)
  object space 692736K, 88% used [0x0000000080000000,0x00000000a5886950,0x00000000aa480000)
 Metaspace       used 86093K, committed 87872K, reserved 1179648K
  class space    used 8773K, committed 9600K, reserved 1048576K
}

Dll operation events (14 events):
Event: 0.034 Loaded shared library c:\Users\loc_1\.vscode\extensions\redhat.java-1.47.0-win32-x64\jre\21.0.8-win32-x86_64\bin\java.dll
Event: 0.221 Loaded shared library c:\Users\loc_1\.vscode\extensions\redhat.java-1.47.0-win32-x64\jre\21.0.8-win32-x86_64\bin\zip.dll
Event: 0.252 Loaded shared library C:\Users\loc_1\.vscode\extensions\redhat.java-1.47.0-win32-x64\jre\21.0.8-win32-x86_64\bin\instrument.dll
Event: 0.264 Loaded shared library C:\Users\loc_1\.vscode\extensions\redhat.java-1.47.0-win32-x64\jre\21.0.8-win32-x86_64\bin\net.dll
Event: 0.268 Loaded shared library C:\Users\loc_1\.vscode\extensions\redhat.java-1.47.0-win32-x64\jre\21.0.8-win32-x86_64\bin\nio.dll
Event: 0.276 Loaded shared library C:\Users\loc_1\.vscode\extensions\redhat.java-1.47.0-win32-x64\jre\21.0.8-win32-x86_64\bin\zip.dll
Event: 0.306 Loaded shared library C:\Users\loc_1\.vscode\extensions\redhat.java-1.47.0-win32-x64\jre\21.0.8-win32-x86_64\bin\jimage.dll
Event: 0.484 Loaded shared library c:\Users\loc_1\.vscode\extensions\redhat.java-1.47.0-win32-x64\jre\21.0.8-win32-x86_64\bin\verify.dll
Event: 2.953 Loaded shared library C:\Users\loc_1\AppData\Roaming\Code\User\globalStorage\redhat.java\1.47.0\config_win\org.eclipse.equinox.launcher\org.eclipse.equinox.launcher.win32.win32.x86_64_1.2.1400.v20250801-0854\eclipse_11916.dll
Event: 4.478 Loaded shared library C:\Users\loc_1\.vscode\extensions\redhat.java-1.47.0-win32-x64\jre\21.0.8-win32-x86_64\bin\management.dll
Event: 4.485 Loaded shared library C:\Users\loc_1\.vscode\extensions\redhat.java-1.47.0-win32-x64\jre\21.0.8-win32-x86_64\bin\management_ext.dll
Event: 6.375 Loaded shared library C:\Users\loc_1\AppData\Local\Temp\jna-103145202\jna18042353405462796912.dll
Event: 6.522 Loaded shared library C:\Users\loc_1\.vscode\extensions\redhat.java-1.47.0-win32-x64\jre\21.0.8-win32-x86_64\bin\sunmscapi.dll
Event: 6.948 Loaded shared library C:\Users\loc_1\.vscode\extensions\redhat.java-1.47.0-win32-x64\jre\21.0.8-win32-x86_64\bin\extnet.dll

Deoptimization events (20 events):
Event: 1827.852 Thread 0x0000022cca1d9c70 DEOPT PACKING pc=0x0000022cf6bc4284 sp=0x000000df97ffdf10
Event: 1827.852 Thread 0x0000022cca1d9c70 DEOPT UNPACKING pc=0x0000022cf5653aa2 sp=0x000000df97ffde50 mode 2
Event: 1827.854 Thread 0x0000022cca1d9c70 DEOPT PACKING pc=0x0000022cf0e0f26c sp=0x000000df97ffdfc0
Event: 1827.855 Thread 0x0000022cca1d9c70 DEOPT UNPACKING pc=0x0000022cf5654242 sp=0x000000df97ffd510 mode 0
Event: 1827.939 Thread 0x0000022cca1d9c70 DEOPT PACKING pc=0x0000022cf0e0f26c sp=0x000000df97ffdf60
Event: 1827.940 Thread 0x0000022cca1d9c70 DEOPT UNPACKING pc=0x0000022cf5654242 sp=0x000000df97ffd4b0 mode 0
Event: 1828.327 Thread 0x0000022cca1d9c70 DEOPT PACKING pc=0x0000022cf018d49b sp=0x000000df97ffd220
Event: 1828.327 Thread 0x0000022cca1d9c70 DEOPT UNPACKING pc=0x0000022cf5654242 sp=0x000000df97ffc6f8 mode 0
Event: 1828.373 Thread 0x0000022cca1d9c70 Uncommon trap: trap_request=0xffffff45 fr.pc=0x0000022cf6c1e58c relative=0x000000000000044c
Event: 1828.373 Thread 0x0000022cca1d9c70 Uncommon trap: reason=unstable_if action=reinterpret pc=0x0000022cf6c1e58c method=org.eclipse.jdt.core.dom.ASTConverter.convert(Lorg/eclipse/jdt/internal/compiler/ast/Expression;)Lorg/eclipse/jdt/core/dom/Expression; @ 47 c2
Event: 1828.373 Thread 0x0000022cca1d9c70 DEOPT PACKING pc=0x0000022cf6c1e58c sp=0x000000df97ffd9c0
Event: 1828.374 Thread 0x0000022cca1d9c70 DEOPT UNPACKING pc=0x0000022cf5653aa2 sp=0x000000df97ffd9c8 mode 2
Event: 1828.790 Thread 0x0000022ccabce720 Uncommon trap: trap_request=0xffffff45 fr.pc=0x0000022cf6c40b24 relative=0x0000000000001cc4
Event: 1828.790 Thread 0x0000022ccabce720 Uncommon trap: reason=unstable_if action=reinterpret pc=0x0000022cf6c40b24 method=org.eclipse.jdt.internal.compiler.lookup.Scope.getTypeOrPackage([[C)Lorg/eclipse/jdt/internal/compiler/lookup/Binding; @ 337 c2
Event: 1828.790 Thread 0x0000022ccabce720 DEOPT PACKING pc=0x0000022cf6c40b24 sp=0x000000df989fe0b0
Event: 1828.790 Thread 0x0000022ccabce720 DEOPT UNPACKING pc=0x0000022cf5653aa2 sp=0x000000df989fe068 mode 2
Event: 1955.268 Thread 0x0000022ccafb57c0 Uncommon trap: trap_request=0xffffff45 fr.pc=0x0000022cf69f43fc relative=0x00000000000004bc
Event: 1955.272 Thread 0x0000022ccafb57c0 Uncommon trap: reason=unstable_if action=reinterpret pc=0x0000022cf69f43fc method=org.eclipse.core.internal.filesystem.FileStoreUtil.compareSlashFirst(Ljava/lang/String;Ljava/lang/String;)I @ 43 c2
Event: 1955.272 Thread 0x0000022ccafb57c0 DEOPT PACKING pc=0x0000022cf69f43fc sp=0x000000df9acfec20
Event: 1955.272 Thread 0x0000022ccafb57c0 DEOPT UNPACKING pc=0x0000022cf5653aa2 sp=0x000000df9acfeb88 mode 2

Classes loaded (20 events):
Event: 32.781 Loading class java/util/stream/DistinctOps$1$2
Event: 32.782 Loading class java/util/stream/DistinctOps$1$2 done
Event: 866.439 Loading class jdk/internal/event/SecurityPropertyModificationEvent
Event: 866.445 Loading class jdk/internal/event/SecurityPropertyModificationEvent done
Event: 866.711 Loading class java/util/zip/CheckedInputStream
Event: 866.713 Loading class java/util/zip/CheckedInputStream done
Event: 866.812 Loading class java/util/zip/GZIPInputStream$1
Event: 866.812 Loading class java/util/zip/GZIPInputStream$1 done
Event: 867.197 Loading class java/lang/UnsupportedClassVersionError
Event: 867.198 Loading class java/lang/UnsupportedClassVersionError done
Event: 869.206 Loading class jdk/internal/ref/CleanerImpl$InnocuousThreadFactory
Event: 869.207 Loading class jdk/internal/ref/CleanerImpl$InnocuousThreadFactory done
Event: 1221.040 Loading class java/util/stream/ReduceOps$5
Event: 1221.043 Loading class java/util/stream/ReduceOps$5 done
Event: 1221.043 Loading class java/util/stream/ReduceOps$CountingSink$OfRef
Event: 1221.044 Loading class java/util/stream/ReduceOps$CountingSink
Event: 1221.044 Loading class java/util/stream/ReduceOps$CountingSink done
Event: 1221.045 Loading class java/util/stream/ReduceOps$CountingSink$OfRef done
Event: 1222.616 Loading class java/nio/BufferMismatch
Event: 1222.622 Loading class java/nio/BufferMismatch done

Classes unloaded (20 events):
Event: 15.588 Thread 0x0000022cfdf84960 Unloading class 0x0000022c85638800 'java/lang/invoke/LambdaForm$DMH+0x0000022c85638800'
Event: 15.588 Thread 0x0000022cfdf84960 Unloading class 0x0000022c85638400 'java/lang/invoke/LambdaForm$DMH+0x0000022c85638400'
Event: 15.588 Thread 0x0000022cfdf84960 Unloading class 0x0000022c85638000 'java/lang/invoke/LambdaForm$DMH+0x0000022c85638000'
Event: 15.588 Thread 0x0000022cfdf84960 Unloading class 0x0000022c85634800 'java/lang/invoke/LambdaForm$DMH+0x0000022c85634800'
Event: 877.568 Thread 0x0000022cfdf84960 Unloading class 0x0000022c85859400 'com/google/gson/internal/reflect/ReflectionHelper$RecordSupportedHelper$$InjectedInvoker+0x0000022c85859400'
Event: 877.569 Thread 0x0000022cfdf84960 Unloading class 0x0000022c85858c00 'java/lang/invoke/LambdaForm$MH+0x0000022c85858c00'
Event: 877.569 Thread 0x0000022cfdf84960 Unloading class 0x0000022c85858800 'java/lang/invoke/LambdaForm$MH+0x0000022c85858800'
Event: 877.569 Thread 0x0000022cfdf84960 Unloading class 0x0000022c85857c00 'java/lang/invoke/LambdaForm$MH+0x0000022c85857c00'
Event: 877.569 Thread 0x0000022cfdf84960 Unloading class 0x0000022c85857800 'java/lang/invoke/LambdaForm$DMH+0x0000022c85857800'
Event: 877.569 Thread 0x0000022cfdf84960 Unloading class 0x0000022c85856c00 'java/lang/invoke/LambdaForm$MH+0x0000022c85856c00'
Event: 877.569 Thread 0x0000022cfdf84960 Unloading class 0x0000022c85856400 'java/lang/invoke/LambdaForm$MH+0x0000022c85856400'
Event: 877.569 Thread 0x0000022cfdf84960 Unloading class 0x0000022c85856000 'java/lang/invoke/LambdaForm$DMH+0x0000022c85856000'
Event: 877.569 Thread 0x0000022cfdf84960 Unloading class 0x0000022c85855400 'java/lang/invoke/LambdaForm$MH+0x0000022c85855400'
Event: 877.569 Thread 0x0000022cfdf84960 Unloading class 0x0000022c85854c00 'java/lang/invoke/LambdaForm$MH+0x0000022c85854c00'
Event: 877.569 Thread 0x0000022cfdf84960 Unloading class 0x0000022c85854800 'java/lang/invoke/LambdaForm$DMH+0x0000022c85854800'
Event: 877.569 Thread 0x0000022cfdf84960 Unloading class 0x0000022c85853800 'java/lang/invoke/LambdaForm$MH+0x0000022c85853800'
Event: 877.569 Thread 0x0000022cfdf84960 Unloading class 0x0000022c85853400 'java/lang/invoke/LambdaForm$DMH+0x0000022c85853400'
Event: 877.569 Thread 0x0000022cfdf84960 Unloading class 0x0000022c85852400 'java/lang/invoke/LambdaForm$MH+0x0000022c85852400'
Event: 877.569 Thread 0x0000022cfdf84960 Unloading class 0x0000022c85851c00 'java/lang/invoke/LambdaForm$MH+0x0000022c85851c00'
Event: 877.569 Thread 0x0000022cfdf84960 Unloading class 0x0000022c85851400 'java/lang/invoke/LambdaForm$MH+0x0000022c85851400'

Classes redefined (0 events):
No events

Internal exceptions (20 events):
Event: 1828.326 Thread 0x0000022cca1d8230 Implicit null exception at 0x0000022cee23df1b to 0x0000022cee23e4d5
Event: 1828.326 Thread 0x0000022cca1d8230 Exception <a 'java/lang/NullPointerException'{0x00000000d5b83910}> (0x00000000d5b83910) 
thrown [s\src\hotspot\share\runtime\sharedRuntime.cpp, line 625]
Event: 1828.326 Thread 0x0000022cca1d8230 Implicit null exception at 0x0000022cee23df1b to 0x0000022cee23e4d5
Event: 1828.326 Thread 0x0000022cca1d8230 Exception <a 'java/lang/NullPointerException'{0x00000000d5b84998}> (0x00000000d5b84998) 
thrown [s\src\hotspot\share\runtime\sharedRuntime.cpp, line 625]
Event: 1828.326 Thread 0x0000022cca1d8230 Implicit null exception at 0x0000022cee23df1b to 0x0000022cee23e4d5
Event: 1828.326 Thread 0x0000022cca1d8230 Exception <a 'java/lang/NullPointerException'{0x00000000d5b85a10}> (0x00000000d5b85a10) 
thrown [s\src\hotspot\share\runtime\sharedRuntime.cpp, line 625]
Event: 1828.326 Thread 0x0000022cca1d8230 Implicit null exception at 0x0000022cee23df1b to 0x0000022cee23e4d5
Event: 1828.326 Thread 0x0000022cca1d8230 Exception <a 'java/lang/NullPointerException'{0x00000000d5b85f00}> (0x00000000d5b85f00) 
thrown [s\src\hotspot\share\runtime\sharedRuntime.cpp, line 625]
Event: 1828.326 Thread 0x0000022cca1d8230 Implicit null exception at 0x0000022cee23df1b to 0x0000022cee23e4d5
Event: 1828.326 Thread 0x0000022cca1d8230 Exception <a 'java/lang/NullPointerException'{0x00000000d5b87128}> (0x00000000d5b87128) 
thrown [s\src\hotspot\share\runtime\sharedRuntime.cpp, line 625]
Event: 1828.327 Thread 0x0000022cca1d8230 Implicit null exception at 0x0000022cee23df1b to 0x0000022cee23e4d5
Event: 1828.327 Thread 0x0000022cca1d8230 Exception <a 'java/lang/NullPointerException'{0x00000000d5b881b8}> (0x00000000d5b881b8) 
thrown [s\src\hotspot\share\runtime\sharedRuntime.cpp, line 625]
Event: 1828.327 Thread 0x0000022cca1d8230 Implicit null exception at 0x0000022cee23df1b to 0x0000022cee23e4d5
Event: 1828.327 Thread 0x0000022cca1d8230 Exception <a 'java/lang/NullPointerException'{0x00000000d5b886a8}> (0x00000000d5b886a8) 
thrown [s\src\hotspot\share\runtime\sharedRuntime.cpp, line 625]
Event: 1828.327 Thread 0x0000022cca1d8230 Exception <a 'java/lang/NullPointerException'{0x00000000d5b89398}> (0x00000000d5b89398) 
thrown [s\src\hotspot\share\interpreter\linkResolver.cpp, line 1372]
Event: 1828.327 Thread 0x0000022cca1d8230 Implicit null exception at 0x0000022cee23df1b to 0x0000022cee23e4d5
Event: 1828.327 Thread 0x0000022cca1d8230 Exception <a 'java/lang/NullPointerException'{0x00000000d5b8a620}> (0x00000000d5b8a620) 
thrown [s\src\hotspot\share\runtime\sharedRuntime.cpp, line 625]
Event: 1828.554 Thread 0x0000022cca1dca60 Exception <a 'sun/nio/fs/WindowsException'{0x00000000d5e26010}> (0x00000000d5e26010) 
thrown [s\src\hotspot\share\prims\jni.cpp, line 520]
Event: 1895.656 Thread 0x0000022ccabccce0 Exception <a 'sun/nio/fs/WindowsException'{0x00000000d57b0288}> (0x00000000d57b0288) 
thrown [s\src\hotspot\share\prims\jni.cpp, line 520]
Event: 1895.658 Thread 0x0000022ccabccce0 Exception <a 'sun/nio/fs/WindowsException'{0x00000000d57b1250}> (0x00000000d57b1250) 
thrown [s\src\hotspot\share\prims\jni.cpp, line 520]

ZGC Phase Switch (0 events):
No events

VM Operations (20 events):
Event: 14551.207 Executing VM operation: HandshakeAllThreads (HandshakeForDeflation)
Event: 14551.208 Executing VM operation: HandshakeAllThreads (HandshakeForDeflation) done
Event: 14551.208 Executing VM operation: RendezvousGCThreads
Event: 14551.208 Executing VM operation: RendezvousGCThreads done
Event: 14611.405 Executing VM operation: HandshakeAllThreads (HandshakeForDeflation)
Event: 14611.450 Executing VM operation: HandshakeAllThreads (HandshakeForDeflation) done
Event: 14611.450 Executing VM operation: RendezvousGCThreads
Event: 14611.450 Executing VM operation: RendezvousGCThreads done
Event: 14671.620 Executing VM operation: HandshakeAllThreads (HandshakeForDeflation)
Event: 14671.620 Executing VM operation: HandshakeAllThreads (HandshakeForDeflation) done
Event: 14671.620 Executing VM operation: RendezvousGCThreads
Event: 14671.620 Executing VM operation: RendezvousGCThreads done
Event: 14731.732 Executing VM operation: HandshakeAllThreads (HandshakeForDeflation)
Event: 14731.732 Executing VM operation: HandshakeAllThreads (HandshakeForDeflation) done
Event: 14731.732 Executing VM operation: RendezvousGCThreads
Event: 14731.732 Executing VM operation: RendezvousGCThreads done
Event: 15333.206 Executing VM operation: HandshakeAllThreads (HandshakeForDeflation)
Event: 15333.211 Executing VM operation: HandshakeAllThreads (HandshakeForDeflation) done
Event: 15333.211 Executing VM operation: RendezvousGCThreads
Event: 15333.211 Executing VM operation: RendezvousGCThreads done

Memory protections (0 events):
No events

Nmethod flushes (20 events):
Event: 878.141 Thread 0x0000022cfdf84960 flushing  nmethod 0x0000022cef3e3890
Event: 878.141 Thread 0x0000022cfdf84960 flushing  nmethod 0x0000022cef3e5390
Event: 878.141 Thread 0x0000022cfdf84960 flushing  nmethod 0x0000022cef3e6410
Event: 878.141 Thread 0x0000022cfdf84960 flushing  nmethod 0x0000022cef3e7210
Event: 878.141 Thread 0x0000022cfdf84960 flushing  nmethod 0x0000022cef3e8510
Event: 878.141 Thread 0x0000022cfdf84960 flushing  nmethod 0x0000022cef3eb910
Event: 878.141 Thread 0x0000022cfdf84960 flushing  nmethod 0x0000022cef3ebf90
Event: 878.141 Thread 0x0000022cfdf84960 flushing  nmethod 0x0000022cef3ee890
Event: 878.141 Thread 0x0000022cfdf84960 flushing  nmethod 0x0000022cef3eec90
Event: 878.141 Thread 0x0000022cfdf84960 flushing  nmethod 0x0000022cef3ef090
Event: 878.141 Thread 0x0000022cfdf84960 flushing  nmethod 0x0000022cef3ef910
Event: 878.141 Thread 0x0000022cfdf84960 flushing  nmethod 0x0000022cef3fdb90
Event: 878.141 Thread 0x0000022cfdf84960 flushing  nmethod 0x0000022cef400310
Event: 878.141 Thread 0x0000022cfdf84960 flushing  nmethod 0x0000022cef401190
Event: 878.141 Thread 0x0000022cfdf84960 flushing  nmethod 0x0000022cef407510
Event: 878.141 Thread 0x0000022cfdf84960 flushing  nmethod 0x0000022cef47ff10
Event: 878.141 Thread 0x0000022cfdf84960 flushing  nmethod 0x0000022cef480b90
Event: 878.141 Thread 0x0000022cfdf84960 flushing  nmethod 0x0000022cef481290
Event: 878.141 Thread 0x0000022cfdf84960 flushing  nmethod 0x0000022cef489710
Event: 878.141 Thread 0x0000022cfdf84960 flushing  nmethod 0x0000022cef498e90

Events (20 events):
Event: 1888.745 Thread 0x0000022cca1db6b0 Thread exited: 0x0000022cca1db6b0
Event: 1888.745 Thread 0x0000022ccabcb930 Thread exited: 0x0000022ccabcb930
Event: 1888.745 Thread 0x0000022ccabcbfc0 Thread exited: 0x0000022ccabcbfc0
Event: 1888.839 Thread 0x0000022ccabce720 Thread exited: 0x0000022ccabce720
Event: 1895.624 Thread 0x0000022ccabccce0 Thread added: 0x0000022ccabcda00
Event: 1895.633 Thread 0x0000022ccabcda00 Thread exited: 0x0000022ccabcda00
Event: 1895.663 Thread 0x0000022ccabccce0 Thread added: 0x0000022ccabcda00
Event: 1895.664 Thread 0x0000022ccabcda00 Thread exited: 0x0000022ccabcda00
Event: 1895.754 Thread 0x0000022cca1dd0f0 Thread exited: 0x0000022cca1dd0f0
Event: 1909.255 Thread 0x0000022cca1deb30 Thread exited: 0x0000022cca1deb30
Event: 1948.850 Thread 0x0000022cca1d9c70 Thread exited: 0x0000022cca1d9c70
Event: 1955.991 Thread 0x0000022cca1d8230 Thread exited: 0x0000022cca1d8230
Event: 2008.906 Thread 0x0000022ccabc9ef0 Thread exited: 0x0000022ccabc9ef0
Event: 2009.261 Thread 0x0000022ccabc9860 Thread exited: 0x0000022ccabc9860
Event: 2068.899 Thread 0x0000022cca1da300 Thread exited: 0x0000022cca1da300
Event: 2128.929 Thread 0x0000022cca1dbd40 Thread exited: 0x0000022cca1dbd40
Event: 2188.920 Thread 0x0000022cca1df1c0 Thread exited: 0x0000022cca1df1c0
Event: 2248.969 Thread 0x0000022cca1dde10 Thread exited: 0x0000022cca1dde10
Event: 2309.015 Thread 0x0000022ccabcb2a0 Thread exited: 0x0000022ccabcb2a0
Event: 2369.007 Thread 0x0000022cca1db020 Thread exited: 0x0000022cca1db020


Dynamic libraries:
0x00007ff711090000 - 0x00007ff71109e000 	c:\Users\loc_1\.vscode\extensions\redhat.java-1.47.0-win32-x64\jre\21.0.8-win32-x86_64\bin\java.exe
0x00007ffc00800000 - 0x00007ffc00a68000 	C:\Windows\SYSTEM32\ntdll.dll
0x00007ffc001a0000 - 0x00007ffc00269000 	C:\Windows\System32\KERNEL32.DLL
0x00007ffbfdde0000 - 0x00007ffbfe1d8000 	C:\Windows\System32\KERNELBASE.dll
0x00007ffbfe270000 - 0x00007ffbfe3bb000 	C:\Windows\System32\ucrtbase.dll
0x00007ffbe0a30000 - 0x00007ffbe0a48000 	c:\Users\loc_1\.vscode\extensions\redhat.java-1.47.0-win32-x64\jre\21.0.8-win32-x86_64\bin\jli.dll
0x00007ffbe0060000 - 0x00007ffbe007e000 	c:\Users\loc_1\.vscode\extensions\redhat.java-1.47.0-win32-x64\jre\21.0.8-win32-x86_64\bin\VCRUNTIME140.dll
0x00007ffbff8c0000 - 0x00007ffbffa87000 	C:\Windows\System32\USER32.dll
0x00007ffbfda00000 - 0x00007ffbfda27000 	C:\Windows\System32\win32u.dll
0x00007ffc00790000 - 0x00007ffc007bb000 	C:\Windows\System32\GDI32.dll
0x00007ffbfe470000 - 0x00007ffbfe59c000 	C:\Windows\System32\gdi32full.dll
0x00007ffbfd950000 - 0x00007ffbfd9f3000 	C:\Windows\System32\msvcp_win.dll
0x00007ffbe9fe0000 - 0x00007ffbea274000 	C:\Windows\WinSxS\amd64_microsoft.windows.common-controls_6595b64144ccf1df_6.0.26100.7019_none_3e06ffa0e335b8a8\COMCTL32.dll
0x00007ffc00520000 - 0x00007ffc005c9000 	C:\Windows\System32\msvcrt.dll
0x00007ffc004e0000 - 0x00007ffc00511000 	C:\Windows\System32\IMM32.DLL
0x00007ffbe00e0000 - 0x00007ffbe00ec000 	c:\Users\loc_1\.vscode\extensions\redhat.java-1.47.0-win32-x64\jre\21.0.8-win32-x86_64\bin\vcruntime140_1.dll
0x00007ffbc4fd0000 - 0x00007ffbc505d000 	c:\Users\loc_1\.vscode\extensions\redhat.java-1.47.0-win32-x64\jre\21.0.8-win32-x86_64\bin\msvcp140.dll
0x00007ffb43420000 - 0x00007ffb441b7000 	c:\Users\loc_1\.vscode\extensions\redhat.java-1.47.0-win32-x64\jre\21.0.8-win32-x86_64\bin\server\jvm.dll
0x00007ffc006d0000 - 0x00007ffc00784000 	C:\Windows\System32\ADVAPI32.dll
0x00007ffbffb80000 - 0x00007ffbffc26000 	C:\Windows\System32\sechost.dll
0x00007ffbfe690000 - 0x00007ffbfe7a8000 	C:\Windows\System32\RPCRT4.dll
0x00007ffc002c0000 - 0x00007ffc00334000 	C:\Windows\System32\WS2_32.dll
0x00007ffbfd7b0000 - 0x00007ffbfd80e000 	C:\Windows\SYSTEM32\POWRPROF.dll
0x00007ffbf5340000 - 0x00007ffbf5375000 	C:\Windows\SYSTEM32\WINMM.dll
0x00007ffbf5380000 - 0x00007ffbf538b000 	C:\Windows\SYSTEM32\VERSION.dll
0x00007ffbfd790000 - 0x00007ffbfd7a4000 	C:\Windows\SYSTEM32\UMPDC.dll
0x00007ffbfc710000 - 0x00007ffbfc72b000 	C:\Windows\SYSTEM32\kernel.appcore.dll
0x00007ffbdda40000 - 0x00007ffbdda4a000 	c:\Users\loc_1\.vscode\extensions\redhat.java-1.47.0-win32-x64\jre\21.0.8-win32-x86_64\bin\jimage.dll
0x00007ffbfb130000 - 0x00007ffbfb372000 	C:\Windows\SYSTEM32\DBGHELP.DLL
0x00007ffbff530000 - 0x00007ffbff8bb000 	C:\Windows\System32\combase.dll
0x00007ffc000c0000 - 0x00007ffc00197000 	C:\Windows\System32\OLEAUT32.dll
0x00007ffbea280000 - 0x00007ffbea2bc000 	C:\Windows\SYSTEM32\dbgcore.DLL
0x00007ffbfe3c0000 - 0x00007ffbfe465000 	C:\Windows\System32\bcryptPrimitives.dll
0x00007ffbdda30000 - 0x00007ffbdda3f000 	c:\Users\loc_1\.vscode\extensions\redhat.java-1.47.0-win32-x64\jre\21.0.8-win32-x86_64\bin\instrument.dll
0x00007ffbdd9a0000 - 0x00007ffbdd9bf000 	c:\Users\loc_1\.vscode\extensions\redhat.java-1.47.0-win32-x64\jre\21.0.8-win32-x86_64\bin\java.dll
0x00007ffbfe840000 - 0x00007ffbfef8f000 	C:\Windows\System32\SHELL32.dll
0x00007ffbfdaf0000 - 0x00007ffbfdc5b000 	C:\Windows\System32\wintypes.dll
0x00007ffbfb570000 - 0x00007ffbfbdcd000 	C:\Windows\SYSTEM32\windows.storage.dll
0x00007ffc005d0000 - 0x00007ffc006c2000 	C:\Windows\System32\SHCORE.dll
0x00007ffbfe620000 - 0x00007ffbfe687000 	C:\Windows\System32\shlwapi.dll
0x00007ffbfd870000 - 0x00007ffbfd899000 	C:\Windows\SYSTEM32\profapi.dll
0x00007ffbdd960000 - 0x00007ffbdd978000 	c:\Users\loc_1\.vscode\extensions\redhat.java-1.47.0-win32-x64\jre\21.0.8-win32-x86_64\bin\zip.dll
0x00007ffbdcbd0000 - 0x00007ffbdcbe0000 	C:\Users\loc_1\.vscode\extensions\redhat.java-1.47.0-win32-x64\jre\21.0.8-win32-x86_64\bin\net.dll
0x00007ffbf5a30000 - 0x00007ffbf5b58000 	C:\Windows\SYSTEM32\WINHTTP.dll
0x00007ffbfcc80000 - 0x00007ffbfcceb000 	C:\Windows\system32\mswsock.dll
0x00007ffbdcbb0000 - 0x00007ffbdcbc6000 	C:\Users\loc_1\.vscode\extensions\redhat.java-1.47.0-win32-x64\jre\21.0.8-win32-x86_64\bin\nio.dll
0x00007ffbdd950000 - 0x00007ffbdd960000 	c:\Users\loc_1\.vscode\extensions\redhat.java-1.47.0-win32-x64\jre\21.0.8-win32-x86_64\bin\verify.dll
0x00007ffbd5320000 - 0x00007ffbd5364000 	C:\Users\loc_1\AppData\Roaming\Code\User\globalStorage\redhat.java\1.47.0\config_win\org.eclipse.equinox.launcher\org.eclipse.equinox.launcher.win32.win32.x86_64_1.2.1400.v20250801-0854\eclipse_11916.dll
0x00007ffbfefa0000 - 0x00007ffbff137000 	C:\Windows\System32\ole32.dll
0x00007ffbdd940000 - 0x00007ffbdd94a000 	C:\Users\loc_1\.vscode\extensions\redhat.java-1.47.0-win32-x64\jre\21.0.8-win32-x86_64\bin\management.dll
0x00007ffbdcd60000 - 0x00007ffbdcd6b000 	C:\Users\loc_1\.vscode\extensions\redhat.java-1.47.0-win32-x64\jre\21.0.8-win32-x86_64\bin\management_ext.dll
0x00007ffc004d0000 - 0x00007ffc004d8000 	C:\Windows\System32\PSAPI.DLL
0x00007ffbfcf50000 - 0x00007ffbfcf6b000 	C:\Windows\SYSTEM32\CRYPTSP.dll
0x00007ffbfc670000 - 0x00007ffbfc6aa000 	C:\Windows\system32\rsaenh.dll
0x00007ffbfcd30000 - 0x00007ffbfcd5b000 	C:\Windows\SYSTEM32\USERENV.dll
0x00007ffbfd840000 - 0x00007ffbfd86a000 	C:\Windows\SYSTEM32\bcrypt.dll
0x00007ffbfcf40000 - 0x00007ffbfcf4c000 	C:\Windows\SYSTEM32\CRYPTBASE.dll
0x00007ffbfc250000 - 0x00007ffbfc284000 	C:\Windows\SYSTEM32\IPHLPAPI.DLL
0x00007ffc004c0000 - 0x00007ffc004ca000 	C:\Windows\System32\NSI.dll
0x00007ffbd4f00000 - 0x00007ffbd4f49000 	C:\Users\loc_1\AppData\Local\Temp\jna-103145202\jna18042353405462796912.dll
0x00007ffbf7390000 - 0x00007ffbf73ae000 	C:\Windows\SYSTEM32\dhcpcsvc6.DLL
0x00007ffbf7360000 - 0x00007ffbf7383000 	C:\Windows\SYSTEM32\dhcpcsvc.DLL
0x00007ffbdcd50000 - 0x00007ffbdcd5e000 	C:\Users\loc_1\.vscode\extensions\redhat.java-1.47.0-win32-x64\jre\21.0.8-win32-x86_64\bin\sunmscapi.dll
0x00007ffbfdc60000 - 0x00007ffbfddd7000 	C:\Windows\System32\CRYPT32.dll
0x00007ffbfd160000 - 0x00007ffbfd190000 	C:\Windows\SYSTEM32\ncrypt.dll
0x00007ffbfd110000 - 0x00007ffbfd14f000 	C:\Windows\SYSTEM32\NTASN1.dll
0x00007ffbfc290000 - 0x00007ffbfc3bc000 	C:\Windows\SYSTEM32\DNSAPI.dll
0x00007ffbf2e90000 - 0x00007ffbf2e9b000 	C:\Windows\System32\rasadhlp.dll
0x00007ffbf74d0000 - 0x00007ffbf7556000 	C:\Windows\System32\fwpuclnt.dll
0x00007ffbdcd40000 - 0x00007ffbdcd49000 	C:\Users\loc_1\.vscode\extensions\redhat.java-1.47.0-win32-x64\jre\21.0.8-win32-x86_64\bin\extnet.dll
0x00007ffbfc830000 - 0x00007ffbfc866000 	C:\Windows\SYSTEM32\ntmarta.dll

JVMTI agents:
c:\Users\loc_1\.vscode\extensions\redhat.java-1.47.0-win32-x64\lombok\lombok-1.18.39-4050.jar path:c:\Users\loc_1\.vscode\extensions\redhat.java-1.47.0-win32-x64\jre\21.0.8-win32-x86_64\bin\instrument.dll, loaded, initialized, instrumentlib options:none

dbghelp: loaded successfully - version: 4.0.5 - missing functions: none
symbol engine: initialized successfully - sym options: 0x614 - pdb path: .;c:\Users\loc_1\.vscode\extensions\redhat.java-1.47.0-win32-x64\jre\21.0.8-win32-x86_64\bin;C:\Windows\SYSTEM32;C:\Windows\WinSxS\amd64_microsoft.windows.common-controls_6595b64144ccf1df_6.0.26100.7019_none_3e06ffa0e335b8a8;c:\Users\loc_1\.vscode\extensions\redhat.java-1.47.0-win32-x64\jre\21.0.8-win32-x86_64\bin\server;C:\Users\loc_1\AppData\Roaming\Code\User\globalStorage\redhat.java\1.47.0\config_win\org.eclipse.equinox.launcher\org.eclipse.equinox.launcher.win32.win32.x86_64_1.2.1400.v20250801-0854;C:\Users\loc_1\AppData\Local\Temp\jna-103145202

VM Arguments:
jvm_args: --add-modules=ALL-SYSTEM --add-opens=java.base/java.util=ALL-UNNAMED --add-opens=java.base/java.lang=ALL-UNNAMED --add-opens=java.base/sun.nio.fs=ALL-UNNAMED -Declipse.application=org.eclipse.jdt.ls.core.id1 -Dosgi.bundles.defaultStartLevel=4 -Declipse.product=org.eclipse.jdt.ls.core.product -Djava.import.generatesMetadataFilesAtProjectRoot=false -DDetectVMInstallationsJob.disabled=true -Dfile.encoding=utf8 -XX:+UseParallelGC -XX:GCTimeRatio=4 -XX:AdaptiveSizePolicyWeight=90 -Dsun.zip.disableMemoryMapping=true -Xmx2G -Xms100m -Xlog:disable -javaagent:c:\Users\loc_1\.vscode\extensions\redhat.java-1.47.0-win32-x64\lombok\lombok-1.18.39-4050.jar -XX:+HeapDumpOnOutOfMemoryError -XX:HeapDumpPath=c:\Users\loc_1\AppData\Roaming\Code\User\workspaceStorage\8e8c4f5d2c35d41082ddde6eea0cbc64\redhat.java -Daether.dependencyCollector.impl=bf 
java_command: c:\Users\loc_1\.vscode\extensions\redhat.java-1.47.0-win32-x64\server\plugins\org.eclipse.equinox.launcher_1.7.100.v20251014-1222.jar -configuration c:\Users\loc_1\AppData\Roaming\Code\User\globalStorage\redhat.java\1.47.0\config_win -data c:\Users\loc_1\AppData\Roaming\Code\User\workspaceStorage\8e8c4f5d2c35d41082ddde6eea0cbc64\redhat.java\jdt_ws --pipe=\\.\pipe\lsp-d8e313625dff07eaa46b444b59eff1c2-sock
java_class_path (initial): c:\Users\loc_1\.vscode\extensions\redhat.java-1.47.0-win32-x64\server\plugins\org.eclipse.equinox.launcher_1.7.100.v20251014-1222.jar
Launcher Type: SUN_STANDARD

[Global flags]
    uintx AdaptiveSizePolicyWeight                 = 90                                        {product} {command line}
     intx CICompilerCount                          = 4                                         {product} {ergonomic}
    uintx GCTimeRatio                              = 4                                         {product} {command line}
     bool HeapDumpOnOutOfMemoryError               = true                                   {manageable} {command line}
    ccstr HeapDumpPath                             = c:\Users\loc_1\AppData\Roaming\Code\User\workspaceStorage\8e8c4f5d2c35d41082ddde6eea0cbc64\redhat.java         {manageable} {command line}
   size_t InitialHeapSize                          = 104857600                                 {product} {command line}
   size_t MaxHeapSize                              = 2147483648                                {product} {command line}
   size_t MaxNewSize                               = 715653120                                 {product} {ergonomic}
   size_t MinHeapDeltaBytes                        = 524288                                    {product} {ergonomic}
   size_t MinHeapSize                              = 104857600                                 {product} {command line}
   size_t NewSize                                  = 34603008                                  {product} {ergonomic}
    uintx NonNMethodCodeHeapSize                   = 5839372                                {pd product} {ergonomic}
    uintx NonProfiledCodeHeapSize                  = 122909434                              {pd product} {ergonomic}
   size_t OldSize                                  = 70254592                                  {product} {ergonomic}
    uintx ProfiledCodeHeapSize                     = 122909434                              {pd product} {ergonomic}
    uintx ReservedCodeCacheSize                    = 251658240                              {pd product} {ergonomic}
     bool SegmentedCodeCache                       = true                                      {product} {ergonomic}
   size_t SoftMaxHeapSize                          = 2147483648                             {manageable} {ergonomic}
     bool UseCompressedOops                        = true                           {product lp64_product} {ergonomic}
     bool UseLargePagesIndividualAllocation        = false                                  {pd product} {ergonomic}
     bool UseParallelGC                            = true                                      {product} {command line}

Logging:
Log output configuration:
 #0: stdout all=off uptime,level,tags foldmultilines=false
 #1: stderr all=off uptime,level,tags foldmultilines=false

Environment Variables:
PATH=C:\Program Files\Eclipse Adoptium\jdk-22.0.2.9-hotspot\bin;C:\Program Files\Eclipse Adoptium\jdk-25.0.0.36-hotspot\bin;C:\Program Files\Common Files\Oracle\Java\javapath;C:\Windows\system32;C:\Windows;C:\Windows\System32\Wbem;C:\Windows\System32\WindowsPowerShell\v1.0\;C:\Windows\System32\OpenSSH\;C:\Program Files\Git\cmd;C:\Program Files\nodejs\;C:\Program Files\PuTTY\;C:\Program Files\Docker\Docker\resources\bin;C:\maven\apache-maven-3.9.11\bin;C:\Program Files\PowerShell\7\;C:\Users\loc_1\AppData\Local\Microsoft\WindowsApps;C:\Users\loc_1\AppData\Local\Programs\Microsoft VS Code\bin;C:\Users\loc_1\AppData\Roaming\npm;C:\maven\apache-maven-3.9.11\bin;
USERNAME=loc_1
OS=Windows_NT
PROCESSOR_IDENTIFIER=AMD64 Family 25 Model 80 Stepping 0, AuthenticAMD
TMP=C:\Users\loc_1\AppData\Local\Temp
TEMP=C:\Users\loc_1\AppData\Local\Temp




Periodic native trim disabled

---------------  S Y S T E M  ---------------

OS:
 Windows 11 , 64 bit Build 26100 (10.0.26100.7019)
OS uptime: 0 days 6:37 hours
Hyper-V role detected

CPU: total 12 (initial active 12) (12 cores per cpu, 2 threads per core) family 25 model 80 stepping 0 microcode 0xa500014, cx8, cmov, fxsr, ht, mmx, 3dnowpref, sse, sse2, sse3, ssse3, sse4a, sse4.1, sse4.2, popcnt, lzcnt, tsc, tscinvbit, avx, avx2, aes, erms, clmul, bmi1, bmi2, adx, sha, fma, vzeroupper, clflush, clflushopt, hv, rdtscp, rdpid, fsrm, f16c, cet_ss
Processor Information for processor 0
  Max Mhz: 2301, Current Mhz: 2301, Mhz Limit: 2301
Processor Information for processor 1
  Max Mhz: 2301, Current Mhz: 2301, Mhz Limit: 2301
Processor Information for processor 2
  Max Mhz: 2301, Current Mhz: 2301, Mhz Limit: 2301
Processor Information for processor 3
  Max Mhz: 2301, Current Mhz: 2301, Mhz Limit: 2301
Processor Information for processor 4
  Max Mhz: 2301, Current Mhz: 1798, Mhz Limit: 2301
Processor Information for processor 5
  Max Mhz: 2301, Current Mhz: 1798, Mhz Limit: 2301
Processor Information for processor 6
  Max Mhz: 2301, Current Mhz: 2301, Mhz Limit: 2301
Processor Information for processor 7
  Max Mhz: 2301, Current Mhz: 2301, Mhz Limit: 2301
Processor Information for processor 8
  Max Mhz: 2301, Current Mhz: 1798, Mhz Limit: 2301
Processor Information for processor 9
  Max Mhz: 2301, Current Mhz: 2301, Mhz Limit: 2301
Processor Information for processor 10
  Max Mhz: 2301, Current Mhz: 2301, Mhz Limit: 2301
Processor Information for processor 11
  Max Mhz: 2301, Current Mhz: 2301, Mhz Limit: 2301

Memory: 4k page, system-wide physical 5981M (367M free)
TotalPageFile size 24413M (AvailPageFile size 7M)
current process WorkingSet (physical memory assigned to process): 8M, peak: 697M
current process commit charge ("private bytes"): 1094M, peak: 1097M

vm_info: OpenJDK 64-Bit Server VM (21.0.8+9-LTS) for windows-amd64 JRE (21.0.8+9-LTS), built on 2025-07-15T00:00:00Z by "admin" with MS VC++ 17.7 (VS2022)

END.
