#
# There is insufficient memory for the Java Runtime Environment to continue.
# Native memory allocation (malloc) failed to allocate 1130896 bytes. Error detail: Chunk::new
# Possible reasons:
#   The system is out of physical RAM or swap space
#   This process is running with CompressedOops enabled, and the Java Heap may be blocking the growth of the native heap
# Possible solutions:
#   Reduce memory load on the system
#   Increase physical memory or swap space
#   Check if swap backing store is full
#   Decrease Java heap size (-Xmx/-Xms)
#   Decrease number of Java threads
#   Decrease Java thread stack sizes (-Xss)
#   Set larger code cache with -XX:ReservedCodeCacheSize=
#   JVM is running with Unscaled Compressed Oops mode in which the Java heap is
#     placed in the first 4GB address space. The Java Heap base address is the
#     maximum limit for the native heap growth. Please use -XX:HeapBaseMinAddress
#     to set the Java Heap base and to place the Java Heap above 4GB virtual address.
# This output file may be truncated or incomplete.
#
#  Out of Memory Error (arena.cpp:168), pid=12500, tid=30616
#
# JRE version: OpenJDK Runtime Environment Temurin-21.0.8+9 (21.0.8+9) (build 21.0.8+9-LTS)
# Java VM: OpenJDK 64-Bit Server VM Temurin-21.0.8+9 (21.0.8+9-LTS, mixed mode, sharing, tiered, compressed oops, compressed class ptrs, parallel gc, windows-amd64)
# No core dump will be written. Minidumps are not enabled by default on client versions of Windows
#

---------------  S U M M A R Y ------------

Command Line: --add-modules=ALL-SYSTEM --add-opens=java.base/java.util=ALL-UNNAMED --add-opens=java.base/java.lang=ALL-UNNAMED --add-opens=java.base/sun.nio.fs=ALL-UNNAMED -Declipse.application=org.eclipse.jdt.ls.core.id1 -Dosgi.bundles.defaultStartLevel=4 -Declipse.product=org.eclipse.jdt.ls.core.product -Djava.import.generatesMetadataFilesAtProjectRoot=false -DDetectVMInstallationsJob.disabled=true -Dfile.encoding=utf8 -XX:+UseParallelGC -XX:GCTimeRatio=4 -XX:AdaptiveSizePolicyWeight=90 -Dsun.zip.disableMemoryMapping=true -Xmx2G -Xms100m -Xlog:disable -javaagent:c:\Users\loc_1\.vscode\extensions\redhat.java-1.47.0-win32-x64\lombok\lombok-1.18.39-4050.jar -XX:+HeapDumpOnOutOfMemoryError -XX:HeapDumpPath=c:\Users\loc_1\AppData\Roaming\Code\User\workspaceStorage\8e8c4f5d2c35d41082ddde6eea0cbc64\redhat.java -Daether.dependencyCollector.impl=bf c:\Users\loc_1\.vscode\extensions\redhat.java-1.47.0-win32-x64\server\plugins\org.eclipse.equinox.launcher_1.7.100.v20251014-1222.jar -configuration c:\Users\loc_1\AppData\Roaming\Code\User\globalStorage\redhat.java\1.47.0\config_win -data c:\Users\loc_1\AppData\Roaming\Code\User\workspaceStorage\8e8c4f5d2c35d41082ddde6eea0cbc64\redhat.java\jdt_ws --pipe=\\.\pipe\lsp-a4c6758c41e1e98b7b6ffbebbd51e2f4-sock

Host: AMD Ryzen 5 7430U with Radeon Graphics         , 12 cores, 5G,  Windows 11 , 64 bit Build 26100 (10.0.26100.6725)
Time: Mon Nov  3 20:18:19 2025 Hora estándar central (México) elapsed time: 321.445941 seconds (0d 0h 5m 21s)

---------------  T H R E A D  ---------------

Current thread (0x00000216f76bf3e0):  JavaThread "C2 CompilerThread0" daemon [_thread_in_native, id=30616, stack(0x00000074c3600000,0x00000074c3700000) (1024K)]


Current CompileTask:
C2:321446 15547       4       org.eclipse.jdt.internal.compiler.lookup.LookupEnvironment::getTypeFromTypeSignature (770 bytes)

Stack: [0x00000074c3600000,0x00000074c3700000]
Native frames: (J=compiled Java code, j=interpreted, Vv=VM code, C=native code)
V  [jvm.dll+0x6d2449]
V  [jvm.dll+0x8ae341]
V  [jvm.dll+0x8b08be]
V  [jvm.dll+0x8b0fa3]
V  [jvm.dll+0x280c96]
V  [jvm.dll+0xc581d]
V  [jvm.dll+0xc5d53]
V  [jvm.dll+0x2f539d]
V  [jvm.dll+0x5fa00a]
V  [jvm.dll+0x252092]
V  [jvm.dll+0x25244f]
V  [jvm.dll+0x24ad14]
V  [jvm.dll+0x2483a4]
V  [jvm.dll+0x1c89ee]
V  [jvm.dll+0x257d4d]
V  [jvm.dll+0x2562ea]
V  [jvm.dll+0x3f2d16]
V  [jvm.dll+0x857e6b]
V  [jvm.dll+0x6d0b0d]
C  [ucrtbase.dll+0x37b0]
C  [KERNEL32.DLL+0x2e8d7]
C  [ntdll.dll+0x8c53c]


---------------  P R O C E S S  ---------------

Threads class SMR info:
_java_thread_list=0x00000216fe60cf50, length=83, elements={
0x00000216dcd1c110, 0x00000216f76b44b0, 0x00000216f56ce950, 0x00000216f76b82a0,
0x00000216f76b8ef0, 0x00000216f76b9b40, 0x00000216f76bc5a0, 0x00000216f76bf3e0,
0x00000216f76db3f0, 0x00000216f77cb700, 0x00000216f79fdb10, 0x00000216fc420d80,
0x00000216fc5c1440, 0x00000216fc7c59f0, 0x00000216fc7c7d20, 0x00000216fcad0900,
0x00000216fcd41cc0, 0x00000216fcd34dc0, 0x00000216fcd35ae0, 0x00000216fcd36170,
0x00000216fcd34730, 0x00000216fcd33380, 0x00000216feeaa0d0, 0x00000216feeaa760,
0x00000216feeaadf0, 0x00000216feea8000, 0x00000216feeabb10, 0x00000216feea9a40,
0x00000216feeab480, 0x00000216feea8690, 0x00000216feeaef90, 0x00000216feeaf620,
0x00000216feeac830, 0x00000216feeae270, 0x00000216feeac1a0, 0x00000216feeacec0,
0x00000216feead550, 0x00000216feeadbe0, 0x00000216feeae900, 0x00000216fea3ebc0,
0x00000216fea40c90, 0x00000216fea3ff70, 0x00000216fea41320, 0x00000216fea3dea0,
0x00000216fea3f8e0, 0x00000216fd1b6440, 0x00000216fd1b8510, 0x00000216fd1b7e80,
0x00000216fd1b8ba0, 0x00000216fd1b9230, 0x00000216fd1b9f50, 0x00000216fd1b6ad0,
0x00000216fd1bb300, 0x00000216fd1bac70, 0x00000216fd1bc6b0, 0x00000216fd1bb990,
0x00000216fd1bd3d0, 0x00000216fd1bcd40, 0x00000216fd1ba5e0, 0x00000216c2ae2130,
0x00000216c2ae27c0, 0x00000216c2ae2e50, 0x00000216c2ae34e0, 0x00000216c2ae1aa0,
0x00000216c2ae3b70, 0x00000216c2ae06f0, 0x00000216c2ae1410, 0x00000216c2ae4200,
0x00000216c2ae0d80, 0x00000216c2ae6ff0, 0x00000216c2ae4890, 0x00000216c2ae4f20,
0x00000216c2ae62d0, 0x00000216c2ae0060, 0x00000216c2ae7680, 0x00000216fea3d810,
0x00000216fea40600, 0x00000216fea419b0, 0x00000216fea3e530, 0x00000216fea42d60,
0x00000216fd1b77f0, 0x00000216feacb0b0, 0x00000216feacb780
}

Java Threads: ( => current thread )
  0x00000216dcd1c110 JavaThread "main"                              [_thread_blocked, id=22800, stack(0x00000074c2c00000,0x00000074c2d00000) (1024K)]
  0x00000216f76b44b0 JavaThread "Reference Handler"          daemon [_thread_blocked, id=24212, stack(0x00000074c3000000,0x00000074c3100000) (1024K)]
  0x00000216f56ce950 JavaThread "Finalizer"                  daemon [_thread_blocked, id=11332, stack(0x00000074c3100000,0x00000074c3200000) (1024K)]
  0x00000216f76b82a0 JavaThread "Signal Dispatcher"          daemon [_thread_blocked, id=22072, stack(0x00000074c3200000,0x00000074c3300000) (1024K)]
  0x00000216f76b8ef0 JavaThread "Attach Listener"            daemon [_thread_blocked, id=5788, stack(0x00000074c3300000,0x00000074c3400000) (1024K)]
  0x00000216f76b9b40 JavaThread "Service Thread"             daemon [_thread_blocked, id=11992, stack(0x00000074c3400000,0x00000074c3500000) (1024K)]
  0x00000216f76bc5a0 JavaThread "Monitor Deflation Thread"   daemon [_thread_blocked, id=2660, stack(0x00000074c3500000,0x00000074c3600000) (1024K)]
=>0x00000216f76bf3e0 JavaThread "C2 CompilerThread0"         daemon [_thread_in_native, id=30616, stack(0x00000074c3600000,0x00000074c3700000) (1024K)]
  0x00000216f76db3f0 JavaThread "C1 CompilerThread0"         daemon [_thread_blocked, id=11796, stack(0x00000074c3700000,0x00000074c3800000) (1024K)]
  0x00000216f77cb700 JavaThread "Common-Cleaner"             daemon [_thread_blocked, id=4612, stack(0x00000074c3800000,0x00000074c3900000) (1024K)]
  0x00000216f79fdb10 JavaThread "Notification Thread"        daemon [_thread_blocked, id=27348, stack(0x00000074c3900000,0x00000074c3a00000) (1024K)]
  0x00000216fc420d80 JavaThread "Active Thread: Equinox Container: a9ceef2d-eb0b-4b45-b330-1281a72f96d9"        [_thread_blocked, id=18088, stack(0x00000074c4100000,0x00000074c4200000) (1024K)]
  0x00000216fc5c1440 JavaThread "Refresh Thread: Equinox Container: a9ceef2d-eb0b-4b45-b330-1281a72f96d9" daemon [_thread_blocked, id=30320, stack(0x00000074c4200000,0x00000074c4300000) (1024K)]
  0x00000216fc7c59f0 JavaThread "Framework Event Dispatcher: Equinox Container: a9ceef2d-eb0b-4b45-b330-1281a72f96d9" daemon [_thread_blocked, id=30028, stack(0x00000074c4400000,0x00000074c4500000) (1024K)]
  0x00000216fc7c7d20 JavaThread "Start Level: Equinox Container: a9ceef2d-eb0b-4b45-b330-1281a72f96d9" daemon [_thread_blocked, id=26980, stack(0x00000074c4500000,0x00000074c4600000) (1024K)]
  0x00000216fcad0900 JavaThread "Bundle File Closer"         daemon [_thread_blocked, id=29260, stack(0x00000074c4800000,0x00000074c4900000) (1024K)]
  0x00000216fcd41cc0 JavaThread "SCR Component Actor"        daemon [_thread_blocked, id=10604, stack(0x00000074c3a00000,0x00000074c3b00000) (1024K)]
  0x00000216fcd34dc0 JavaThread "Worker-JM"                         [_thread_blocked, id=12360, stack(0x00000074c4900000,0x00000074c4a00000) (1024K)]
  0x00000216fcd35ae0 JavaThread "JNA Cleaner"                daemon [_thread_blocked, id=21968, stack(0x00000074c4a00000,0x00000074c4b00000) (1024K)]
  0x00000216fcd36170 JavaThread "Worker-1"                          [_thread_blocked, id=2324, stack(0x00000074c4c00000,0x00000074c4d00000) (1024K)]
  0x00000216fcd34730 JavaThread "Java indexing"              daemon [_thread_blocked, id=13576, stack(0x00000074c4e00000,0x00000074c4f00000) (1024K)]
  0x00000216fcd33380 JavaThread "Worker-2"                          [_thread_blocked, id=16792, stack(0x00000074c4f00000,0x00000074c5000000) (1024K)]
  0x00000216feeaa0d0 JavaThread "Thread-1"                   daemon [_thread_in_native, id=17240, stack(0x00000074c5400000,0x00000074c5500000) (1024K)]
  0x00000216feeaa760 JavaThread "Thread-2"                   daemon [_thread_in_native, id=7528, stack(0x00000074c5500000,0x00000074c5600000) (1024K)]
  0x00000216feeaadf0 JavaThread "Thread-3"                   daemon [_thread_in_native, id=25628, stack(0x00000074c5600000,0x00000074c5700000) (1024K)]
  0x00000216feea8000 JavaThread "Thread-4"                   daemon [_thread_in_native, id=13148, stack(0x00000074c5700000,0x00000074c5800000) (1024K)]
  0x00000216feeabb10 JavaThread "Thread-5"                   daemon [_thread_in_native, id=23132, stack(0x00000074c5800000,0x00000074c5900000) (1024K)]
  0x00000216feea9a40 JavaThread "Thread-6"                   daemon [_thread_in_native, id=11732, stack(0x00000074c5900000,0x00000074c5a00000) (1024K)]
  0x00000216feeab480 JavaThread "Thread-7"                   daemon [_thread_in_native, id=9048, stack(0x00000074c5a00000,0x00000074c5b00000) (1024K)]
  0x00000216feea8690 JavaThread "Thread-8"                   daemon [_thread_in_native, id=13512, stack(0x00000074c5b00000,0x00000074c5c00000) (1024K)]
  0x00000216feeaef90 JavaThread "Thread-9"                   daemon [_thread_in_native, id=24356, stack(0x00000074c5c00000,0x00000074c5d00000) (1024K)]
  0x00000216feeaf620 JavaThread "Thread-10"                  daemon [_thread_in_native, id=9388, stack(0x00000074c5d00000,0x00000074c5e00000) (1024K)]
  0x00000216feeac830 JavaThread "Thread-11"                  daemon [_thread_in_native, id=4784, stack(0x00000074c5e00000,0x00000074c5f00000) (1024K)]
  0x00000216feeae270 JavaThread "Thread-12"                  daemon [_thread_in_native, id=28156, stack(0x00000074c5f00000,0x00000074c6000000) (1024K)]
  0x00000216feeac1a0 JavaThread "Thread-13"                  daemon [_thread_in_native, id=21204, stack(0x00000074c6000000,0x00000074c6100000) (1024K)]
  0x00000216feeacec0 JavaThread "pool-2-thread-1"                   [_thread_blocked, id=29760, stack(0x00000074c6100000,0x00000074c6200000) (1024K)]
  0x00000216feead550 JavaThread "WorkspaceEventsHandler"            [_thread_blocked, id=10488, stack(0x00000074c6200000,0x00000074c6300000) (1024K)]
  0x00000216feeadbe0 JavaThread "pool-1-thread-1"                   [_thread_blocked, id=17656, stack(0x00000074c6300000,0x00000074c6400000) (1024K)]
  0x00000216feeae900 JavaThread "ForkJoinPool.commonPool-worker-1" daemon [_thread_blocked, id=22620, stack(0x00000074c6400000,0x00000074c6500000) (1024K)]
  0x00000216fea3ebc0 JavaThread "ForkJoinPool.commonPool-worker-2" daemon [_thread_blocked, id=25240, stack(0x00000074c6500000,0x00000074c6600000) (1024K)]
  0x00000216fea40c90 JavaThread "ForkJoinPool.commonPool-worker-3" daemon [_thread_blocked, id=3844, stack(0x00000074c6600000,0x00000074c6700000) (1024K)]
  0x00000216fea3ff70 JavaThread "ForkJoinPool.commonPool-worker-6" daemon [_thread_blocked, id=11772, stack(0x00000074c6900000,0x00000074c6a00000) (1024K)]
  0x00000216fea41320 JavaThread "ForkJoinPool.commonPool-worker-7" daemon [_thread_blocked, id=24916, stack(0x00000074c6a00000,0x00000074c6b00000) (1024K)]
  0x00000216fea3dea0 JavaThread "ForkJoinPool.commonPool-worker-8" daemon [_thread_blocked, id=9236, stack(0x00000074c6b00000,0x00000074c6c00000) (1024K)]
  0x00000216fea3f8e0 JavaThread "ForkJoinPool.commonPool-worker-9" daemon [_thread_blocked, id=20548, stack(0x00000074c6c00000,0x00000074c6d00000) (1024K)]
  0x00000216fd1b6440 JavaThread "LocalFile Deleter"          daemon [_thread_blocked, id=17804, stack(0x00000074c7300000,0x00000074c7400000) (1024K)]
  0x00000216fd1b8510 JavaThread "LocalFile Deleter"          daemon [_thread_blocked, id=27332, stack(0x00000074c7400000,0x00000074c7500000) (1024K)]
  0x00000216fd1b7e80 JavaThread "LocalFile Deleter"          daemon [_thread_blocked, id=1736, stack(0x00000074c7500000,0x00000074c7600000) (1024K)]
  0x00000216fd1b8ba0 JavaThread "LocalFile Deleter"          daemon [_thread_blocked, id=16164, stack(0x00000074c7600000,0x00000074c7700000) (1024K)]
  0x00000216fd1b9230 JavaThread "LocalFile Deleter"          daemon [_thread_blocked, id=21676, stack(0x00000074c7700000,0x00000074c7800000) (1024K)]
  0x00000216fd1b9f50 JavaThread "LocalFile Deleter"          daemon [_thread_blocked, id=30480, stack(0x00000074c7900000,0x00000074c7a00000) (1024K)]
  0x00000216fd1b6ad0 JavaThread "LocalFile Deleter"          daemon [_thread_blocked, id=14852, stack(0x00000074c7a00000,0x00000074c7b00000) (1024K)]
  0x00000216fd1bb300 JavaThread "LocalFile Deleter"          daemon [_thread_blocked, id=23980, stack(0x00000074c7c00000,0x00000074c7d00000) (1024K)]
  0x00000216fd1bac70 JavaThread "Compiler Source File Reader" daemon [_thread_blocked, id=13660, stack(0x00000074c7d00000,0x00000074c7e00000) (1024K)]
  0x00000216fd1bc6b0 JavaThread "Compiler Source File Reader" daemon [_thread_blocked, id=19244, stack(0x00000074c7e00000,0x00000074c7f00000) (1024K)]
  0x00000216fd1bb990 JavaThread "Compiler Source File Reader" daemon [_thread_blocked, id=4472, stack(0x00000074c7f00000,0x00000074c8000000) (1024K)]
  0x00000216fd1bd3d0 JavaThread "Compiler Source File Reader" daemon [_thread_blocked, id=24888, stack(0x00000074c8000000,0x00000074c8100000) (1024K)]
  0x00000216fd1bcd40 JavaThread "Compiler Source File Reader" daemon [_thread_blocked, id=1776, stack(0x00000074c8100000,0x00000074c8200000) (1024K)]
  0x00000216fd1ba5e0 JavaThread "Compiler Source File Reader" daemon [_thread_blocked, id=21636, stack(0x00000074c8200000,0x00000074c8300000) (1024K)]
  0x00000216c2ae2130 JavaThread "Compiler Source File Reader" daemon [_thread_blocked, id=13284, stack(0x00000074c8300000,0x00000074c8400000) (1024K)]
  0x00000216c2ae27c0 JavaThread "Compiler Source File Reader" daemon [_thread_blocked, id=13036, stack(0x00000074c8400000,0x00000074c8500000) (1024K)]
  0x00000216c2ae2e50 JavaThread "Compiler Source File Reader" daemon [_thread_blocked, id=15796, stack(0x00000074c8500000,0x00000074c8600000) (1024K)]
  0x00000216c2ae34e0 JavaThread "Compiler Source File Reader" daemon [_thread_blocked, id=29384, stack(0x00000074c8600000,0x00000074c8700000) (1024K)]
  0x00000216c2ae1aa0 JavaThread "Compiler Class File Writer" daemon [_thread_blocked, id=13468, stack(0x00000074c8800000,0x00000074c8900000) (1024K)]
  0x00000216c2ae3b70 JavaThread "Compiler Class File Writer" daemon [_thread_blocked, id=27068, stack(0x00000074c8900000,0x00000074c8a00000) (1024K)]
  0x00000216c2ae06f0 JavaThread "Compiler Class File Writer" daemon [_thread_blocked, id=29516, stack(0x00000074c8a00000,0x00000074c8b00000) (1024K)]
  0x00000216c2ae1410 JavaThread "Compiler Class File Writer" daemon [_thread_blocked, id=30016, stack(0x00000074c8b00000,0x00000074c8c00000) (1024K)]
  0x00000216c2ae4200 JavaThread "Compiler Class File Writer" daemon [_thread_blocked, id=25172, stack(0x00000074c8c00000,0x00000074c8d00000) (1024K)]
  0x00000216c2ae0d80 JavaThread "Compiler Class File Writer" daemon [_thread_blocked, id=14620, stack(0x00000074c8d00000,0x00000074c8e00000) (1024K)]
  0x00000216c2ae6ff0 JavaThread "Compiler Class File Writer" daemon [_thread_blocked, id=25900, stack(0x00000074c8e00000,0x00000074c8f00000) (1024K)]
  0x00000216c2ae4890 JavaThread "Compiler Class File Writer" daemon [_thread_blocked, id=2892, stack(0x00000074c8f00000,0x00000074c9000000) (1024K)]
  0x00000216c2ae4f20 JavaThread "Compiler Class File Writer" daemon [_thread_blocked, id=13168, stack(0x00000074c9000000,0x00000074c9100000) (1024K)]
  0x00000216c2ae62d0 JavaThread "Compiler Class File Writer" daemon [_thread_blocked, id=17784, stack(0x00000074c9100000,0x00000074c9200000) (1024K)]
  0x00000216c2ae0060 JavaThread "Worker-7"                          [_thread_blocked, id=16616, stack(0x00000074c2900000,0x00000074c2a00000) (1024K)]
  0x00000216c2ae7680 JavaThread "Worker-8"                          [_thread_blocked, id=24680, stack(0x00000074c2a00000,0x00000074c2b00000) (1024K)]
  0x00000216fea3d810 JavaThread "ForkJoinPool.commonPool-worker-12" daemon [_thread_blocked, id=21284, stack(0x00000074c4b00000,0x00000074c4c00000) (1024K)]
  0x00000216fea40600 JavaThread "ForkJoinPool.commonPool-worker-13" daemon [_thread_blocked, id=9816, stack(0x00000074c4d00000,0x00000074c4e00000) (1024K)]
  0x00000216fea419b0 JavaThread "ForkJoinPool.commonPool-worker-14" daemon [_thread_blocked, id=24416, stack(0x00000074c5000000,0x00000074c5100000) (1024K)]
  0x00000216fea3e530 JavaThread "ForkJoinPool.commonPool-worker-15" daemon [_thread_in_Java, id=14600, stack(0x00000074c5100000,0x00000074c5200000) (1024K)]
  0x00000216fea42d60 JavaThread "Cleaner-0"                  daemon [_thread_blocked, id=16512, stack(0x00000074c2b00000,0x00000074c2c00000) (1024K)]
  0x00000216fd1b77f0 JavaThread "Worker-9"                          [_thread_blocked, id=18380, stack(0x00000074c5200000,0x00000074c5300000) (1024K)]
  0x00000216feacb0b0 JavaThread "C2 CompilerThread1"         daemon [_thread_in_native, id=16064, stack(0x00000074c6700000,0x00000074c6800000) (1024K)]
  0x00000216feacb780 JavaThread "C2 CompilerThread2"         daemon [_thread_in_native, id=20056, stack(0x00000074c6800000,0x00000074c6900000) (1024K)]
Total: 83

Other Threads:
  0x00000216dcddeb00 VMThread "VM Thread"                           [id=8020, stack(0x00000074c2f00000,0x00000074c3000000) (1024K)]
  0x00000216f55aca00 WatcherThread "VM Periodic Task Thread"        [id=24992, stack(0x00000074c2e00000,0x00000074c2f00000) (1024K)]
  0x00000216dcd3c6b0 WorkerThread "GC Thread#0"                     [id=13232, stack(0x00000074c2d00000,0x00000074c2e00000) (1024K)]
  0x00000216fc4cc830 WorkerThread "GC Thread#1"                     [id=16172, stack(0x00000074c3b00000,0x00000074c3c00000) (1024K)]
  0x00000216fc4ccbd0 WorkerThread "GC Thread#2"                     [id=20652, stack(0x00000074c3c00000,0x00000074c3d00000) (1024K)]
  0x00000216fc15d310 WorkerThread "GC Thread#3"                     [id=16356, stack(0x00000074c3d00000,0x00000074c3e00000) (1024K)]
  0x00000216fc19ad20 WorkerThread "GC Thread#4"                     [id=22644, stack(0x00000074c3e00000,0x00000074c3f00000) (1024K)]
  0x00000216fc19b0c0 WorkerThread "GC Thread#5"                     [id=12156, stack(0x00000074c3f00000,0x00000074c4000000) (1024K)]
  0x00000216fc21a440 WorkerThread "GC Thread#6"                     [id=17360, stack(0x00000074c4000000,0x00000074c4100000) (1024K)]
  0x00000216fc7e3050 WorkerThread "GC Thread#7"                     [id=10564, stack(0x00000074c4300000,0x00000074c4400000) (1024K)]
  0x00000216fc6fae70 WorkerThread "GC Thread#8"                     [id=10744, stack(0x00000074c4600000,0x00000074c4700000) (1024K)]
  0x00000216fc6fb210 WorkerThread "GC Thread#9"                     [id=4320, stack(0x00000074c4700000,0x00000074c4800000) (1024K)]
Total: 12

Threads with active compile tasks:
C2 CompilerThread0  323529 15547       4       org.eclipse.jdt.internal.compiler.lookup.LookupEnvironment::getTypeFromTypeSignature (770 bytes)
C1 CompilerThread0  323529 15726       2       org.eclipse.jdt.internal.compiler.ast.FakedTrackingVariable::handleResourceAssignment (459 bytes)
C2 CompilerThread1  323529 15680   !   4       lombok.core.FieldAugment$ReflectionFieldAugment::get (61 bytes)
C2 CompilerThread2  323529 15717   !   4       org.eclipse.jdt.internal.compiler.parser.Scanner::getNextToken0 (3060 bytes)
Total: 4

VM state: not at safepoint (normal execution)

VM Mutex/Monitor currently owned by a thread: None

Heap address: 0x0000000080000000, size: 2048 MB, Compressed Oops mode: 32-bit

CDS archive(s) mapped at: [0x0000021680000000-0x0000021680ba0000-0x0000021680ba0000), size 12189696, SharedBaseAddress: 0x0000021680000000, ArchiveRelocationMode: 1.
Compressed class space mapped at: 0x0000021681000000-0x00000216c1000000, reserved size: 1073741824
Narrow klass base: 0x0000021680000000, Narrow klass shift: 0, Narrow klass range: 0x100000000

GC Precious Log:
 CardTable entry size: 512
 CPUs: 12 total, 12 available
 Memory: 5981M
 Large Page Support: Disabled
 NUMA Support: Disabled
 Compressed Oops: Enabled (32-bit)
 Alignments: Space 512K, Generation 512K, Heap 2M
 Heap Min Capacity: 100M
 Heap Initial Capacity: 100M
 Heap Max Capacity: 2G
 Pre-touch: Disabled
 Parallel Workers: 10

Heap:
 PSYoungGen      total 3584K, used 1108K [0x00000000d5580000, 0x00000000d5c80000, 0x0000000100000000)
  eden space 2560K, 5% used [0x00000000d5580000,0x00000000d55a1250,0x00000000d5800000)
  from space 1024K, 95% used [0x00000000d5980000,0x00000000d5a74010,0x00000000d5a80000)
  to   space 1536K, 0% used [0x00000000d5800000,0x00000000d5800000,0x00000000d5980000)
 ParOldGen       total 180736K, used 180265K [0x0000000080000000, 0x000000008b080000, 0x00000000d5580000)
  object space 180736K, 99% used [0x0000000080000000,0x000000008b00a680,0x000000008b080000)
 Metaspace       used 74514K, committed 76288K, reserved 1179648K
  class space    used 7660K, committed 8448K, reserved 1048576K

Card table byte_map: [0x00000216f09e0000,0x00000216f0df0000] _byte_map_base: 0x00000216f05e0000

Marking Bits: (ParMarkBitMap*) 0x00007ff837b7a340
 Begin Bits: [0x00000216f10a0000, 0x00000216f30a0000)
 End Bits:   [0x00000216f30a0000, 0x00000216f50a0000)

Polling page: 0x00000216dcca0000

Metaspace:

Usage:
  Non-class:     65.29 MB used.
      Class:      7.48 MB used.
       Both:     72.77 MB used.

Virtual space:
  Non-class space:      128.00 MB reserved,      66.25 MB ( 52%) committed,  2 nodes.
      Class space:        1.00 GB reserved,       8.25 MB ( <1%) committed,  1 nodes.
             Both:        1.12 GB reserved,      74.50 MB (  6%) committed. 

Chunk freelists:
   Non-Class:  13.37 MB
       Class:  7.67 MB
        Both:  21.04 MB

MaxMetaspaceSize: unlimited
CompressedClassSpaceSize: 1.00 GB
Initial GC threshold: 21.00 MB
Current GC threshold: 97.31 MB
CDS: on
 - commit_granule_bytes: 65536.
 - commit_granule_words: 8192.
 - virtual_space_node_default_size: 8388608.
 - enlarge_chunks_in_place: 1.
 - use_allocation_guard: 0.


Internal statistics:

num_allocs_failed_limit: 9.
num_arena_births: 1546.
num_arena_deaths: 24.
num_vsnodes_births: 3.
num_vsnodes_deaths: 0.
num_space_committed: 1192.
num_space_uncommitted: 0.
num_chunks_returned_to_freelist: 37.
num_chunks_taken_from_freelist: 5288.
num_chunk_merges: 18.
num_chunk_splits: 3151.
num_chunks_enlarged: 1658.
num_inconsistent_stats: 0.

CodeHeap 'non-profiled nmethods': size=120000Kb used=9439Kb max_used=9439Kb free=110561Kb
 bounds [0x00000216e92d0000, 0x00000216e9c10000, 0x00000216f0800000]
CodeHeap 'profiled nmethods': size=120000Kb used=36165Kb max_used=36165Kb free=83834Kb
 bounds [0x00000216e1800000, 0x00000216e3b60000, 0x00000216e8d30000]
CodeHeap 'non-nmethods': size=5760Kb used=1523Kb max_used=1544Kb free=4236Kb
 bounds [0x00000216e8d30000, 0x00000216e8fa0000, 0x00000216e92d0000]
CodeCache: size=245760Kb, used=47127Kb, max_used=47148Kb, free=198631Kb
 total_blobs=15747, nmethods=14954, adapters=696, full_count=0
Compilation: enabled, stopped_count=0, restarted_count=0

Compilation events (20 events):
Event: 319.962 Thread 0x00000216f76db3f0 nmethod 15683 0x00000216e9c03690 code [0x00000216e9c03820, 0x00000216e9c038e8]
Event: 319.962 Thread 0x00000216f76db3f0 15682       1       org.eclipse.jdt.internal.core.LocalVariable::getAnnotations (5 bytes)
Event: 319.962 Thread 0x00000216f76db3f0 nmethod 15682 0x00000216e9c03990 code [0x00000216e9c03b20, 0x00000216e9c03be8]
Event: 319.962 Thread 0x00000216f76db3f0 15684       1       org.eclipse.jdt.internal.core.SourceRefElementInfo::getDeclarationSourceStart (5 bytes)
Event: 319.962 Thread 0x00000216f76db3f0 nmethod 15684 0x00000216e9c03c90 code [0x00000216e9c03e20, 0x00000216e9c03ee8]
Event: 319.962 Thread 0x00000216f76db3f0 15685       1       org.eclipse.jdt.internal.core.SourceRefElementInfo::getDeclarationSourceEnd (5 bytes)
Event: 319.962 Thread 0x00000216f76db3f0 nmethod 15685 0x00000216e9c03f90 code [0x00000216e9c04120, 0x00000216e9c041e8]
Event: 319.962 Thread 0x00000216f76db3f0 15675       1       org.eclipse.jdt.core.dom.NumberLiteral::getNodeType0 (3 bytes)
Event: 319.962 Thread 0x00000216f76db3f0 nmethod 15675 0x00000216e9c04290 code [0x00000216e9c04420, 0x00000216e9c044e8]
Event: 319.962 Thread 0x00000216f76db3f0 15679       1       org.eclipse.jdt.core.dom.AbstractTagElement::fragments (5 bytes)
Event: 319.962 Thread 0x00000216f76db3f0 nmethod 15679 0x00000216e9c04590 code [0x00000216e9c04720, 0x00000216e9c047e8]
Event: 319.962 Thread 0x00000216f76db3f0 15703       1       org.eclipse.jdt.internal.compiler.lookup.SyntheticFactoryMethodBinding::getConstructor (5 bytes)
Event: 319.962 Thread 0x00000216f76db3f0 nmethod 15703 0x00000216e9c04890 code [0x00000216e9c04a20, 0x00000216e9c04ae8]
Event: 319.963 Thread 0x00000216f76db3f0 15708       2       java.util.DualPivotQuicksort::sort (77 bytes)
Event: 319.964 Thread 0x00000216f76db3f0 nmethod 15708 0x00000216e3b45b10 code [0x00000216e3b45d00, 0x00000216e3b46058]
Event: 319.972 Thread 0x00000216f76db3f0 15709       1       java.text.DecimalFormatSymbols::getGroupingSeparator (5 bytes)
Event: 319.973 Thread 0x00000216f76db3f0 nmethod 15709 0x00000216e9c04b90 code [0x00000216e9c04d20, 0x00000216e9c04df0]
Event: 319.978 Thread 0x00000216f76db3f0 15710       2       sun.nio.ch.Invoker::invoke (51 bytes)
Event: 319.978 Thread 0x00000216f76db3f0 nmethod 15710 0x00000216e3b46210 code [0x00000216e3b463c0, 0x00000216e3b46550]
Event: 320.542 Thread 0x00000216f76db3f0 15711       3       com.google.gson.internal.LinkedTreeMap::get (19 bytes)

GC Heap History (20 events):
Event: 319.671 GC heap before
{Heap before GC invocations=150 (full 3):
 PSYoungGen      total 4096K, used 3968K [0x00000000d5580000, 0x00000000d5a80000, 0x0000000100000000)
  eden space 3072K, 100% used [0x00000000d5580000,0x00000000d5880000,0x00000000d5880000)
  from space 1024K, 87% used [0x00000000d5980000,0x00000000d5a60000,0x00000000d5a80000)
  to   space 1024K, 0% used [0x00000000d5880000,0x00000000d5880000,0x00000000d5980000)
 ParOldGen       total 172032K, used 171985K [0x0000000080000000, 0x000000008a800000, 0x00000000d5580000)
  object space 172032K, 99% used [0x0000000080000000,0x000000008a7f4538,0x000000008a800000)
 Metaspace       used 74426K, committed 76160K, reserved 1179648K
  class space    used 7655K, committed 8448K, reserved 1048576K
}
Event: 319.675 GC heap after
{Heap after GC invocations=150 (full 3):
 PSYoungGen      total 4096K, used 863K [0x00000000d5580000, 0x00000000d5a80000, 0x0000000100000000)
  eden space 3072K, 0% used [0x00000000d5580000,0x00000000d5580000,0x00000000d5880000)
  from space 1024K, 84% used [0x00000000d5880000,0x00000000d5957d60,0x00000000d5980000)
  to   space 1024K, 0% used [0x00000000d5980000,0x00000000d5980000,0x00000000d5a80000)
 ParOldGen       total 173056K, used 172749K [0x0000000080000000, 0x000000008a900000, 0x00000000d5580000)
  object space 173056K, 99% used [0x0000000080000000,0x000000008a8b36d0,0x000000008a900000)
 Metaspace       used 74426K, committed 76160K, reserved 1179648K
  class space    used 7655K, committed 8448K, reserved 1048576K
}
Event: 319.700 GC heap before
{Heap before GC invocations=151 (full 3):
 PSYoungGen      total 4096K, used 3935K [0x00000000d5580000, 0x00000000d5a80000, 0x0000000100000000)
  eden space 3072K, 100% used [0x00000000d5580000,0x00000000d5880000,0x00000000d5880000)
  from space 1024K, 84% used [0x00000000d5880000,0x00000000d5957d60,0x00000000d5980000)
  to   space 1024K, 0% used [0x00000000d5980000,0x00000000d5980000,0x00000000d5a80000)
 ParOldGen       total 173056K, used 172749K [0x0000000080000000, 0x000000008a900000, 0x00000000d5580000)
  object space 173056K, 99% used [0x0000000080000000,0x000000008a8b36d0,0x000000008a900000)
 Metaspace       used 74429K, committed 76224K, reserved 1179648K
  class space    used 7655K, committed 8448K, reserved 1048576K
}
Event: 319.703 GC heap after
{Heap after GC invocations=151 (full 3):
 PSYoungGen      total 4096K, used 736K [0x00000000d5580000, 0x00000000d5a80000, 0x0000000100000000)
  eden space 3072K, 0% used [0x00000000d5580000,0x00000000d5580000,0x00000000d5880000)
  from space 1024K, 71% used [0x00000000d5980000,0x00000000d5a38000,0x00000000d5a80000)
  to   space 1024K, 0% used [0x00000000d5880000,0x00000000d5880000,0x00000000d5980000)
 ParOldGen       total 173568K, used 173277K [0x0000000080000000, 0x000000008a980000, 0x00000000d5580000)
  object space 173568K, 99% used [0x0000000080000000,0x000000008a9376c8,0x000000008a980000)
 Metaspace       used 74429K, committed 76224K, reserved 1179648K
  class space    used 7655K, committed 8448K, reserved 1048576K
}
Event: 319.764 GC heap before
{Heap before GC invocations=152 (full 3):
 PSYoungGen      total 4096K, used 3808K [0x00000000d5580000, 0x00000000d5a80000, 0x0000000100000000)
  eden space 3072K, 100% used [0x00000000d5580000,0x00000000d5880000,0x00000000d5880000)
  from space 1024K, 71% used [0x00000000d5980000,0x00000000d5a38000,0x00000000d5a80000)
  to   space 1024K, 0% used [0x00000000d5880000,0x00000000d5880000,0x00000000d5980000)
 ParOldGen       total 173568K, used 173277K [0x0000000080000000, 0x000000008a980000, 0x00000000d5580000)
  object space 173568K, 99% used [0x0000000080000000,0x000000008a9376c8,0x000000008a980000)
 Metaspace       used 74466K, committed 76224K, reserved 1179648K
  class space    used 7655K, committed 8448K, reserved 1048576K
}
Event: 319.767 GC heap after
{Heap after GC invocations=152 (full 3):
 PSYoungGen      total 4096K, used 864K [0x00000000d5580000, 0x00000000d5a80000, 0x0000000100000000)
  eden space 3072K, 0% used [0x00000000d5580000,0x00000000d5580000,0x00000000d5880000)
  from space 1024K, 84% used [0x00000000d5880000,0x00000000d5958000,0x00000000d5980000)
  to   space 1024K, 0% used [0x00000000d5980000,0x00000000d5980000,0x00000000d5a80000)
 ParOldGen       total 174080K, used 173959K [0x0000000080000000, 0x000000008aa00000, 0x00000000d5580000)
  object space 174080K, 99% used [0x0000000080000000,0x000000008a9e1ff8,0x000000008aa00000)
 Metaspace       used 74466K, committed 76224K, reserved 1179648K
  class space    used 7655K, committed 8448K, reserved 1048576K
}
Event: 319.785 GC heap before
{Heap before GC invocations=153 (full 3):
 PSYoungGen      total 4096K, used 3936K [0x00000000d5580000, 0x00000000d5a80000, 0x0000000100000000)
  eden space 3072K, 100% used [0x00000000d5580000,0x00000000d5880000,0x00000000d5880000)
  from space 1024K, 84% used [0x00000000d5880000,0x00000000d5958000,0x00000000d5980000)
  to   space 1024K, 0% used [0x00000000d5980000,0x00000000d5980000,0x00000000d5a80000)
 ParOldGen       total 174080K, used 173959K [0x0000000080000000, 0x000000008aa00000, 0x00000000d5580000)
  object space 174080K, 99% used [0x0000000080000000,0x000000008a9e1ff8,0x000000008aa00000)
 Metaspace       used 74470K, committed 76224K, reserved 1179648K
  class space    used 7655K, committed 8448K, reserved 1048576K
}
Event: 319.788 GC heap after
{Heap after GC invocations=153 (full 3):
 PSYoungGen      total 4096K, used 863K [0x00000000d5580000, 0x00000000d5a80000, 0x0000000100000000)
  eden space 3072K, 0% used [0x00000000d5580000,0x00000000d5580000,0x00000000d5880000)
  from space 1024K, 84% used [0x00000000d5980000,0x00000000d5a57d40,0x00000000d5a80000)
  to   space 1024K, 0% used [0x00000000d5880000,0x00000000d5880000,0x00000000d5980000)
 ParOldGen       total 175104K, used 174723K [0x0000000080000000, 0x000000008ab00000, 0x00000000d5580000)
  object space 175104K, 99% used [0x0000000080000000,0x000000008aaa0d38,0x000000008ab00000)
 Metaspace       used 74470K, committed 76224K, reserved 1179648K
  class space    used 7655K, committed 8448K, reserved 1048576K
}
Event: 319.804 GC heap before
{Heap before GC invocations=154 (full 3):
 PSYoungGen      total 4096K, used 3935K [0x00000000d5580000, 0x00000000d5a80000, 0x0000000100000000)
  eden space 3072K, 100% used [0x00000000d5580000,0x00000000d5880000,0x00000000d5880000)
  from space 1024K, 84% used [0x00000000d5980000,0x00000000d5a57d40,0x00000000d5a80000)
  to   space 1024K, 0% used [0x00000000d5880000,0x00000000d5880000,0x00000000d5980000)
 ParOldGen       total 175104K, used 174723K [0x0000000080000000, 0x000000008ab00000, 0x00000000d5580000)
  object space 175104K, 99% used [0x0000000080000000,0x000000008aaa0d38,0x000000008ab00000)
 Metaspace       used 74476K, committed 76224K, reserved 1179648K
  class space    used 7657K, committed 8448K, reserved 1048576K
}
Event: 319.808 GC heap after
{Heap after GC invocations=154 (full 3):
 PSYoungGen      total 4096K, used 879K [0x00000000d5580000, 0x00000000d5a80000, 0x0000000100000000)
  eden space 3072K, 0% used [0x00000000d5580000,0x00000000d5580000,0x00000000d5880000)
  from space 1024K, 85% used [0x00000000d5880000,0x00000000d595bd70,0x00000000d5980000)
  to   space 1024K, 0% used [0x00000000d5980000,0x00000000d5980000,0x00000000d5a80000)
 ParOldGen       total 175616K, used 175468K [0x0000000080000000, 0x000000008ab80000, 0x00000000d5580000)
  object space 175616K, 99% used [0x0000000080000000,0x000000008ab5b398,0x000000008ab80000)
 Metaspace       used 74476K, committed 76224K, reserved 1179648K
  class space    used 7657K, committed 8448K, reserved 1048576K
}
Event: 319.822 GC heap before
{Heap before GC invocations=155 (full 3):
 PSYoungGen      total 4096K, used 3951K [0x00000000d5580000, 0x00000000d5a80000, 0x0000000100000000)
  eden space 3072K, 100% used [0x00000000d5580000,0x00000000d5880000,0x00000000d5880000)
  from space 1024K, 85% used [0x00000000d5880000,0x00000000d595bd70,0x00000000d5980000)
  to   space 1024K, 0% used [0x00000000d5980000,0x00000000d5980000,0x00000000d5a80000)
 ParOldGen       total 175616K, used 175468K [0x0000000080000000, 0x000000008ab80000, 0x00000000d5580000)
  object space 175616K, 99% used [0x0000000080000000,0x000000008ab5b398,0x000000008ab80000)
 Metaspace       used 74477K, committed 76224K, reserved 1179648K
  class space    used 7657K, committed 8448K, reserved 1048576K
}
Event: 319.825 GC heap after
{Heap after GC invocations=155 (full 3):
 PSYoungGen      total 4096K, used 928K [0x00000000d5580000, 0x00000000d5a80000, 0x0000000100000000)
  eden space 3072K, 0% used [0x00000000d5580000,0x00000000d5580000,0x00000000d5880000)
  from space 1024K, 90% used [0x00000000d5980000,0x00000000d5a68000,0x00000000d5a80000)
  to   space 1024K, 0% used [0x00000000d5880000,0x00000000d5880000,0x00000000d5980000)
 ParOldGen       total 176640K, used 176195K [0x0000000080000000, 0x000000008ac80000, 0x00000000d5580000)
  object space 176640K, 99% used [0x0000000080000000,0x000000008ac10c90,0x000000008ac80000)
 Metaspace       used 74477K, committed 76224K, reserved 1179648K
  class space    used 7657K, committed 8448K, reserved 1048576K
}
Event: 319.873 GC heap before
{Heap before GC invocations=156 (full 3):
 PSYoungGen      total 4096K, used 4000K [0x00000000d5580000, 0x00000000d5a80000, 0x0000000100000000)
  eden space 3072K, 100% used [0x00000000d5580000,0x00000000d5880000,0x00000000d5880000)
  from space 1024K, 90% used [0x00000000d5980000,0x00000000d5a68000,0x00000000d5a80000)
  to   space 1024K, 0% used [0x00000000d5880000,0x00000000d5880000,0x00000000d5980000)
 ParOldGen       total 176640K, used 176195K [0x0000000080000000, 0x000000008ac80000, 0x00000000d5580000)
  object space 176640K, 99% used [0x0000000080000000,0x000000008ac10c90,0x000000008ac80000)
 Metaspace       used 74485K, committed 76224K, reserved 1179648K
  class space    used 7657K, committed 8448K, reserved 1048576K
}
Event: 319.877 GC heap after
{Heap after GC invocations=156 (full 3):
 PSYoungGen      total 4096K, used 1024K [0x00000000d5580000, 0x00000000d5b80000, 0x0000000100000000)
  eden space 3072K, 0% used [0x00000000d5580000,0x00000000d5580000,0x00000000d5880000)
  from space 1024K, 100% used [0x00000000d5880000,0x00000000d5980000,0x00000000d5980000)
  to   space 1536K, 0% used [0x00000000d5a00000,0x00000000d5a00000,0x00000000d5b80000)
 ParOldGen       total 177152K, used 176940K [0x0000000080000000, 0x000000008ad00000, 0x00000000d5580000)
  object space 177152K, 99% used [0x0000000080000000,0x000000008accb358,0x000000008ad00000)
 Metaspace       used 74485K, committed 76224K, reserved 1179648K
  class space    used 7657K, committed 8448K, reserved 1048576K
}
Event: 319.893 GC heap before
{Heap before GC invocations=157 (full 3):
 PSYoungGen      total 4096K, used 4096K [0x00000000d5580000, 0x00000000d5b80000, 0x0000000100000000)
  eden space 3072K, 100% used [0x00000000d5580000,0x00000000d5880000,0x00000000d5880000)
  from space 1024K, 100% used [0x00000000d5880000,0x00000000d5980000,0x00000000d5980000)
  to   space 1536K, 0% used [0x00000000d5a00000,0x00000000d5a00000,0x00000000d5b80000)
 ParOldGen       total 177152K, used 176940K [0x0000000080000000, 0x000000008ad00000, 0x00000000d5580000)
  object space 177152K, 99% used [0x0000000080000000,0x000000008accb358,0x000000008ad00000)
 Metaspace       used 74487K, committed 76224K, reserved 1179648K
  class space    used 7657K, committed 8448K, reserved 1048576K
}
Event: 319.896 GC heap after
{Heap after GC invocations=157 (full 3):
 PSYoungGen      total 4096K, used 1007K [0x00000000d5580000, 0x00000000d5b00000, 0x0000000100000000)
  eden space 3072K, 0% used [0x00000000d5580000,0x00000000d5580000,0x00000000d5880000)
  from space 1024K, 98% used [0x00000000d5a00000,0x00000000d5afbd50,0x00000000d5b00000)
  to   space 1024K, 0% used [0x00000000d5880000,0x00000000d5880000,0x00000000d5980000)
 ParOldGen       total 178176K, used 177748K [0x0000000080000000, 0x000000008ae00000, 0x00000000d5580000)
  object space 178176K, 99% used [0x0000000080000000,0x000000008ad95358,0x000000008ae00000)
 Metaspace       used 74487K, committed 76224K, reserved 1179648K
  class space    used 7657K, committed 8448K, reserved 1048576K
}
Event: 319.919 GC heap before
{Heap before GC invocations=158 (full 3):
 PSYoungGen      total 4096K, used 4079K [0x00000000d5580000, 0x00000000d5b00000, 0x0000000100000000)
  eden space 3072K, 100% used [0x00000000d5580000,0x00000000d5880000,0x00000000d5880000)
  from space 1024K, 98% used [0x00000000d5a00000,0x00000000d5afbd50,0x00000000d5b00000)
  to   space 1024K, 0% used [0x00000000d5880000,0x00000000d5880000,0x00000000d5980000)
 ParOldGen       total 178176K, used 177748K [0x0000000080000000, 0x000000008ae00000, 0x00000000d5580000)
  object space 178176K, 99% used [0x0000000080000000,0x000000008ad95358,0x000000008ae00000)
 Metaspace       used 74491K, committed 76224K, reserved 1179648K
  class space    used 7657K, committed 8448K, reserved 1048576K
}
Event: 319.924 GC heap after
{Heap after GC invocations=158 (full 3):
 PSYoungGen      total 4096K, used 816K [0x00000000d5580000, 0x00000000d5a80000, 0x0000000100000000)
  eden space 3072K, 0% used [0x00000000d5580000,0x00000000d5580000,0x00000000d5880000)
  from space 1024K, 79% used [0x00000000d5880000,0x00000000d594c010,0x00000000d5980000)
  to   space 1024K, 0% used [0x00000000d5980000,0x00000000d5980000,0x00000000d5a80000)
 ParOldGen       total 178688K, used 178518K [0x0000000080000000, 0x000000008ae80000, 0x00000000d5580000)
  object space 178688K, 99% used [0x0000000080000000,0x000000008ae55aa0,0x000000008ae80000)
 Metaspace       used 74491K, committed 76224K, reserved 1179648K
  class space    used 7657K, committed 8448K, reserved 1048576K
}
Event: 319.965 GC heap before
{Heap before GC invocations=159 (full 3):
 PSYoungGen      total 4096K, used 3888K [0x00000000d5580000, 0x00000000d5a80000, 0x0000000100000000)
  eden space 3072K, 100% used [0x00000000d5580000,0x00000000d5880000,0x00000000d5880000)
  from space 1024K, 79% used [0x00000000d5880000,0x00000000d594c010,0x00000000d5980000)
  to   space 1024K, 0% used [0x00000000d5980000,0x00000000d5980000,0x00000000d5a80000)
 ParOldGen       total 178688K, used 178518K [0x0000000080000000, 0x000000008ae80000, 0x00000000d5580000)
  object space 178688K, 99% used [0x0000000080000000,0x000000008ae55aa0,0x000000008ae80000)
 Metaspace       used 74496K, committed 76224K, reserved 1179648K
  class space    used 7657K, committed 8448K, reserved 1048576K
}
Event: 319.969 GC heap after
{Heap after GC invocations=159 (full 3):
 PSYoungGen      total 4096K, used 672K [0x00000000d5580000, 0x00000000d5a80000, 0x0000000100000000)
  eden space 3072K, 0% used [0x00000000d5580000,0x00000000d5580000,0x00000000d5880000)
  from space 1024K, 65% used [0x00000000d5980000,0x00000000d5a28000,0x00000000d5a80000)
  to   space 1024K, 0% used [0x00000000d5880000,0x00000000d5880000,0x00000000d5980000)
 ParOldGen       total 179712K, used 179214K [0x0000000080000000, 0x000000008af80000, 0x00000000d5580000)
  object space 179712K, 99% used [0x0000000080000000,0x000000008af03ad0,0x000000008af80000)
 Metaspace       used 74496K, committed 76224K, reserved 1179648K
  class space    used 7657K, committed 8448K, reserved 1048576K
}

Dll operation events (10 events):
Event: 0.020 Loaded shared library c:\Users\loc_1\.vscode\extensions\redhat.java-1.47.0-win32-x64\jre\21.0.8-win32-x86_64\bin\java.dll
Event: 0.221 Loaded shared library c:\Users\loc_1\.vscode\extensions\redhat.java-1.47.0-win32-x64\jre\21.0.8-win32-x86_64\bin\zip.dll
Event: 0.284 Loaded shared library C:\Users\loc_1\.vscode\extensions\redhat.java-1.47.0-win32-x64\jre\21.0.8-win32-x86_64\bin\instrument.dll
Event: 0.294 Loaded shared library C:\Users\loc_1\.vscode\extensions\redhat.java-1.47.0-win32-x64\jre\21.0.8-win32-x86_64\bin\net.dll
Event: 0.299 Loaded shared library C:\Users\loc_1\.vscode\extensions\redhat.java-1.47.0-win32-x64\jre\21.0.8-win32-x86_64\bin\nio.dll
Event: 0.304 Loaded shared library C:\Users\loc_1\.vscode\extensions\redhat.java-1.47.0-win32-x64\jre\21.0.8-win32-x86_64\bin\zip.dll
Event: 0.332 Loaded shared library C:\Users\loc_1\.vscode\extensions\redhat.java-1.47.0-win32-x64\jre\21.0.8-win32-x86_64\bin\jimage.dll
Event: 0.459 Loaded shared library c:\Users\loc_1\.vscode\extensions\redhat.java-1.47.0-win32-x64\jre\21.0.8-win32-x86_64\bin\verify.dll
Event: 2.999 Loaded shared library C:\Users\loc_1\AppData\Roaming\Code\User\globalStorage\redhat.java\1.47.0\config_win\org.eclipse.equinox.launcher\org.eclipse.equinox.launcher.win32.win32.x86_64_1.2.1400.v20250801-0854\eclipse_11916.dll
Event: 7.427 Loaded shared library C:\Users\loc_1\AppData\Local\Temp\jna-103145202\jna1397813493303686010.dll

Deoptimization events (20 events):
Event: 319.746 Thread 0x00000216fea40c90 DEOPT UNPACKING pc=0x00000216e8d84242 sp=0x00000074c66fcc10 mode 0
Event: 319.768 Thread 0x00000216fea40c90 Uncommon trap: trap_request=0xffffff45 fr.pc=0x00000216e9bad748 relative=0x00000000000008c8
Event: 319.768 Thread 0x00000216fea40c90 Uncommon trap: reason=unstable_if action=reinterpret pc=0x00000216e9bad748 method=org.eclipse.jdt.internal.compiler.parser.Scanner.getNextToken0()Lorg/eclipse/jdt/internal/compiler/parser/TerminalToken; @ 1003 c2
Event: 319.768 Thread 0x00000216fea40c90 DEOPT PACKING pc=0x00000216e9bad748 sp=0x00000074c66fd8e0
Event: 319.768 Thread 0x00000216fea40c90 DEOPT UNPACKING pc=0x00000216e8d83aa2 sp=0x00000074c66fd818 mode 2
Event: 319.795 Thread 0x00000216fea40c90 Uncommon trap: trap_request=0xffffff45 fr.pc=0x00000216e932fb54 relative=0x0000000000000214
Event: 319.795 Thread 0x00000216fea40c90 Uncommon trap: reason=unstable_if action=reinterpret pc=0x00000216e932fb54 method=java.util.concurrent.ConcurrentHashMap.get(Ljava/lang/Object;)Ljava/lang/Object; @ 152 c2
Event: 319.795 Thread 0x00000216fea40c90 DEOPT PACKING pc=0x00000216e932fb54 sp=0x00000074c66fde10
Event: 319.795 Thread 0x00000216fea40c90 DEOPT UNPACKING pc=0x00000216e8d83aa2 sp=0x00000074c66fdd78 mode 2
Event: 319.800 Thread 0x00000216fea3e530 DEOPT PACKING pc=0x00000216e3a5257e sp=0x00000074c51fde20
Event: 319.800 Thread 0x00000216fea3e530 DEOPT UNPACKING pc=0x00000216e8d84242 sp=0x00000074c51fd340 mode 0
Event: 319.878 Thread 0x00000216c2ae0060 DEOPT PACKING pc=0x00000216e3781e58 sp=0x00000074c29fe1a0
Event: 319.878 Thread 0x00000216c2ae0060 DEOPT UNPACKING pc=0x00000216e8d84242 sp=0x00000074c29fd628 mode 0
Event: 319.888 Thread 0x00000216c2ae0060 DEOPT PACKING pc=0x00000216e3a52e8c sp=0x00000074c29fe950
Event: 319.888 Thread 0x00000216c2ae0060 DEOPT UNPACKING pc=0x00000216e8d84242 sp=0x00000074c29fde70 mode 0
Event: 319.934 Thread 0x00000216fea3e530 DEOPT PACKING pc=0x00000216e22e0e1a sp=0x00000074c51fe750
Event: 319.934 Thread 0x00000216fea3e530 DEOPT UNPACKING pc=0x00000216e8d84242 sp=0x00000074c51fdbb8 mode 0
Event: 319.945 Thread 0x00000216fea3e530 DEOPT PACKING pc=0x00000216e3781e58 sp=0x00000074c51fdf30
Event: 319.945 Thread 0x00000216fea3e530 DEOPT UNPACKING pc=0x00000216e8d84242 sp=0x00000074c51fd3c8 mode 0
Event: 321.439 Thread 0x00000216fea3e530 DEOPT PACKING pc=0x00000216e3a52acd sp=0x00000074c51fddb0

Classes loaded (20 events):
Event: 274.835 Loading class javax/crypto/NullCipher
Event: 274.836 Loading class javax/crypto/NullCipher done
Event: 274.837 Loading class sun/security/util/ArrayUtil
Event: 274.840 Loading class sun/security/util/ArrayUtil done
Event: 274.909 Loading class java/util/zip/CheckedInputStream
Event: 274.909 Loading class java/util/zip/CheckedInputStream done
Event: 275.012 Loading class java/util/zip/GZIPInputStream$1
Event: 275.012 Loading class java/util/zip/GZIPInputStream$1 done
Event: 276.135 Loading class jdk/internal/ref/CleanerImpl$InnocuousThreadFactory
Event: 276.137 Loading class jdk/internal/ref/CleanerImpl$InnocuousThreadFactory done
Event: 318.888 Loading class java/util/stream/Nodes$CollectorTask$OfRef
Event: 318.889 Loading class java/util/stream/Nodes$CollectorTask
Event: 318.891 Loading class java/util/stream/Nodes$CollectorTask done
Event: 318.891 Loading class java/util/stream/Nodes$CollectorTask$OfRef done
Event: 318.892 Loading class java/util/function/LongFunction
Event: 318.892 Loading class java/util/function/LongFunction done
Event: 318.893 Loading class java/util/stream/Nodes$ConcNode
Event: 318.893 Loading class java/util/stream/Nodes$AbstractConcNode
Event: 318.894 Loading class java/util/stream/Nodes$AbstractConcNode done
Event: 318.894 Loading class java/util/stream/Nodes$ConcNode done

Classes unloaded (12 events):
Event: 8.935 Thread 0x00000216dcddeb00 Unloading class 0x00000216811aec00 'java/lang/invoke/LambdaForm$MH+0x00000216811aec00'
Event: 8.935 Thread 0x00000216dcddeb00 Unloading class 0x00000216811ae800 'java/lang/invoke/LambdaForm$MH+0x00000216811ae800'
Event: 8.935 Thread 0x00000216dcddeb00 Unloading class 0x00000216811ae400 'java/lang/invoke/LambdaForm$MH+0x00000216811ae400'
Event: 8.935 Thread 0x00000216dcddeb00 Unloading class 0x00000216811ae000 'java/lang/invoke/LambdaForm$MH+0x00000216811ae000'
Event: 8.935 Thread 0x00000216dcddeb00 Unloading class 0x00000216811adc00 'java/lang/invoke/LambdaForm$BMH+0x00000216811adc00'
Event: 8.935 Thread 0x00000216dcddeb00 Unloading class 0x00000216811ad800 'java/lang/invoke/LambdaForm$DMH+0x00000216811ad800'
Event: 8.935 Thread 0x00000216dcddeb00 Unloading class 0x00000216811ac400 'java/lang/invoke/LambdaForm$DMH+0x00000216811ac400'
Event: 21.617 Thread 0x00000216dcddeb00 Unloading class 0x00000216816c8c00 'java/lang/invoke/LambdaForm$MH+0x00000216816c8c00'
Event: 21.617 Thread 0x00000216dcddeb00 Unloading class 0x00000216816c8000 'java/lang/invoke/LambdaForm$MH+0x00000216816c8000'
Event: 21.617 Thread 0x00000216dcddeb00 Unloading class 0x0000021681661000 'java/lang/invoke/LambdaForm$DMH+0x0000021681661000'
Event: 21.617 Thread 0x00000216dcddeb00 Unloading class 0x0000021681660c00 'java/lang/invoke/LambdaForm$DMH+0x0000021681660c00'
Event: 21.617 Thread 0x00000216dcddeb00 Unloading class 0x0000021681660800 'java/lang/invoke/LambdaForm$DMH+0x0000021681660800'

Classes redefined (0 events):
No events

Internal exceptions (20 events):
Event: 273.949 Thread 0x00000216fea3ebc0 Exception <a 'sun/nio/fs/WindowsException'{0x00000000d6017600}> (0x00000000d6017600) 
thrown [s\src\hotspot\share\prims\jni.cpp, line 520]
Event: 273.959 Thread 0x00000216fea3ebc0 Exception <a 'sun/nio/fs/WindowsException'{0x00000000d60187d0}> (0x00000000d60187d0) 
thrown [s\src\hotspot\share\prims\jni.cpp, line 520]
Event: 273.960 Thread 0x00000216fea3ebc0 Exception <a 'sun/nio/fs/WindowsException'{0x00000000d604f120}> (0x00000000d604f120) 
thrown [s\src\hotspot\share\prims\jni.cpp, line 520]
Event: 273.962 Thread 0x00000216fea3ebc0 Exception <a 'sun/nio/fs/WindowsException'{0x00000000d60501c0}> (0x00000000d60501c0) 
thrown [s\src\hotspot\share\prims\jni.cpp, line 520]
Event: 273.963 Thread 0x00000216fea3ebc0 Exception <a 'sun/nio/fs/WindowsException'{0x00000000d60508d8}> (0x00000000d60508d8) 
thrown [s\src\hotspot\share\prims\jni.cpp, line 520]
Event: 274.652 Thread 0x00000216feeadbe0 Exception <a 'java/lang/IncompatibleClassChangeError'{0x00000000d5986840}: Found class java.lang.Object, but interface was expected> (0x00000000d5986840) 
thrown [s\src\hotspot\share\interpreter\linkResolver.cpp, line 840]
Event: 274.665 Thread 0x00000216feeadbe0 Exception <a 'java/lang/IncompatibleClassChangeError'{0x00000000d5a048e0}: Found class java.lang.Object, but interface was expected> (0x00000000d5a048e0) 
thrown [s\src\hotspot\share\interpreter\linkResolver.cpp, line 840]
Event: 274.674 Thread 0x00000216feeadbe0 Exception <a 'java/lang/IncompatibleClassChangeError'{0x00000000d5a2e258}: Found class java.lang.Object, but interface was expected> (0x00000000d5a2e258) 
thrown [s\src\hotspot\share\interpreter\linkResolver.cpp, line 840]
Event: 274.687 Thread 0x00000216feeae900 Exception <a 'java/lang/NoSuchMethodError'{0x00000000d5a764f8}: 'java.lang.Object java.lang.invoke.DirectMethodHandle$Holder.invokeSpecial(java.lang.Object, java.lang.Object, java.lang.Object, java.lang.Object, int, java.lang.Object, java.lang.Object)'> (0x00000000d5a764f8) 
thrown [s\src\hotspot\share\interpreter\linkResolver.cpp, line 773]
Event: 274.698 Thread 0x00000216feeadbe0 Exception <a 'java/lang/IncompatibleClassChangeError'{0x00000000d5b131d8}: Found class java.lang.Object, but interface was expected> (0x00000000d5b131d8) 
thrown [s\src\hotspot\share\interpreter\linkResolver.cpp, line 840]
Event: 274.742 Thread 0x00000216c2ae6960 Exception <a 'sun/nio/fs/WindowsException'{0x00000000d5eaa4b8}> (0x00000000d5eaa4b8) 
thrown [s\src\hotspot\share\prims\jni.cpp, line 520]
Event: 274.918 Thread 0x00000216fea3ebc0 Exception <a 'java/lang/NoSuchMethodError'{0x00000000d5bd6ed0}: 'int java.lang.invoke.Invokers$Holder.invokeExact_MT(java.lang.Object, java.lang.Object)'> (0x00000000d5bd6ed0) 
thrown [s\src\hotspot\share\interpreter\linkResolver.cpp, line 773]
Event: 294.607 Thread 0x00000216fea40c90 Exception <a 'java/lang/ArrayIndexOutOfBoundsException'{0x00000000d581a910}> (0x00000000d581a910) 
thrown [s\src\hotspot\share\runtime\sharedRuntime.cpp, line 625]
Event: 303.536 Thread 0x00000216fea3e530 Exception <a 'java/lang/NoSuchMethodError'{0x00000000d565fa78}: 'java.lang.Object java.lang.invoke.DirectMethodHandle$Holder.newInvokeSpecial(java.lang.Object, java.lang.Object, int, java.lang.Object, java.lang.Object, java.lang.Object, java.lang.Object)'> (0x00000000d565fa78) 
thrown [s\src\hotspot\share\interpreter\linkResolver.cpp, line 773]
Event: 303.633 Thread 0x00000216fea3e530 Exception <a 'java/lang/NoSuchMethodError'{0x00000000d561a8e8}: 'int java.lang.invoke.DirectMethodHandle$Holder.invokeVirtual(java.lang.Object, java.lang.Object, java.lang.Object, int)'> (0x00000000d561a8e8) 
thrown [s\src\hotspot\share\interpreter\linkResolver.cpp, line 773]
Event: 303.748 Thread 0x00000216fea3e530 Exception <a 'java/lang/NoSuchMethodError'{0x00000000d57d38c0}: 'void java.lang.invoke.DirectMethodHandle$Holder.invokeSpecial(java.lang.Object, java.lang.Object, int)'> (0x00000000d57d38c0) 
thrown [s\src\hotspot\share\interpreter\linkResolver.cpp, line 773]
Event: 318.921 Thread 0x00000216fcd33380 Exception <a 'sun/nio/fs/WindowsException'{0x00000000d565e440}> (0x00000000d565e440) 
thrown [s\src\hotspot\share\prims\jni.cpp, line 520]
Event: 318.922 Thread 0x00000216fcd33380 Exception <a 'sun/nio/fs/WindowsException'{0x00000000d565f1c8}> (0x00000000d565f1c8) 
thrown [s\src\hotspot\share\prims\jni.cpp, line 520]
Event: 318.923 Thread 0x00000216fcd33380 Implicit null exception at 0x00000216e9a90886 to 0x00000216e9a90c04
Event: 318.969 Thread 0x00000216fcd33380 Exception <a 'java/lang/NoSuchMethodError'{0x00000000d56d9b60}: static [J.<clinit>()V> (0x00000000d56d9b60) 
thrown [s\src\hotspot\share\prims\jni.cpp, line 1111]

ZGC Phase Switch (0 events):
No events

VM Operations (20 events):
Event: 319.675 Executing VM operation: ParallelGCFailedAllocation (Allocation Failure) done
Event: 319.700 Executing VM operation: ParallelGCFailedAllocation (Allocation Failure)
Event: 319.703 Executing VM operation: ParallelGCFailedAllocation (Allocation Failure) done
Event: 319.764 Executing VM operation: ParallelGCFailedAllocation (Allocation Failure)
Event: 319.767 Executing VM operation: ParallelGCFailedAllocation (Allocation Failure) done
Event: 319.785 Executing VM operation: ParallelGCFailedAllocation (Allocation Failure)
Event: 319.788 Executing VM operation: ParallelGCFailedAllocation (Allocation Failure) done
Event: 319.804 Executing VM operation: ParallelGCFailedAllocation (Allocation Failure)
Event: 319.808 Executing VM operation: ParallelGCFailedAllocation (Allocation Failure) done
Event: 319.822 Executing VM operation: ParallelGCFailedAllocation (Allocation Failure)
Event: 319.825 Executing VM operation: ParallelGCFailedAllocation (Allocation Failure) done
Event: 319.858 Executing VM operation: ParallelGCFailedAllocation (Allocation Failure)
Event: 319.877 Executing VM operation: ParallelGCFailedAllocation (Allocation Failure) done
Event: 319.893 Executing VM operation: ParallelGCFailedAllocation (Allocation Failure)
Event: 319.896 Executing VM operation: ParallelGCFailedAllocation (Allocation Failure) done
Event: 319.919 Executing VM operation: ParallelGCFailedAllocation (Allocation Failure)
Event: 319.924 Executing VM operation: ParallelGCFailedAllocation (Allocation Failure) done
Event: 319.965 Executing VM operation: ParallelGCFailedAllocation (Allocation Failure)
Event: 319.969 Executing VM operation: ParallelGCFailedAllocation (Allocation Failure) done
Event: 320.974 Executing VM operation: Cleanup

Memory protections (0 events):
No events

Nmethod flushes (20 events):
Event: 21.649 Thread 0x00000216dcddeb00 flushing osr nmethod 0x00000216e202dd90
Event: 21.649 Thread 0x00000216dcddeb00 flushing  nmethod 0x00000216e204f590
Event: 21.649 Thread 0x00000216dcddeb00 flushing  nmethod 0x00000216e206b790
Event: 21.649 Thread 0x00000216dcddeb00 flushing  nmethod 0x00000216e206f190
Event: 21.649 Thread 0x00000216dcddeb00 flushing  nmethod 0x00000216e207df10
Event: 21.649 Thread 0x00000216dcddeb00 flushing  nmethod 0x00000216e2082310
Event: 21.649 Thread 0x00000216dcddeb00 flushing  nmethod 0x00000216e2083210
Event: 21.649 Thread 0x00000216dcddeb00 flushing  nmethod 0x00000216e208ca90
Event: 21.649 Thread 0x00000216dcddeb00 flushing  nmethod 0x00000216e208e410
Event: 21.649 Thread 0x00000216dcddeb00 flushing osr nmethod 0x00000216e209b610
Event: 21.649 Thread 0x00000216dcddeb00 flushing  nmethod 0x00000216e20af990
Event: 21.649 Thread 0x00000216dcddeb00 flushing  nmethod 0x00000216e20b1210
Event: 21.649 Thread 0x00000216dcddeb00 flushing  nmethod 0x00000216e20b1810
Event: 21.649 Thread 0x00000216dcddeb00 flushing  nmethod 0x00000216e20b2790
Event: 21.649 Thread 0x00000216dcddeb00 flushing  nmethod 0x00000216e20b4a90
Event: 21.649 Thread 0x00000216dcddeb00 flushing  nmethod 0x00000216e20bf110
Event: 21.649 Thread 0x00000216dcddeb00 flushing  nmethod 0x00000216e20c4390
Event: 21.649 Thread 0x00000216dcddeb00 flushing  nmethod 0x00000216e20edf10
Event: 21.649 Thread 0x00000216dcddeb00 flushing  nmethod 0x00000216e2104210
Event: 21.649 Thread 0x00000216dcddeb00 flushing  nmethod 0x00000216e2119f90

Events (20 events):
Event: 273.792 Thread 0x00000216c2ae0060 Thread added: 0x00000216c2ae7680
Event: 274.005 Thread 0x00000216fea3dea0 Thread added: 0x00000216c2ae6960
Event: 274.705 Thread 0x00000216feeadbe0 Thread added: 0x00000216fea3d810
Event: 274.709 Thread 0x00000216feeadbe0 Thread added: 0x00000216fea40600
Event: 274.712 Thread 0x00000216fea40600 Thread added: 0x00000216fea419b0
Event: 274.713 Thread 0x00000216fea419b0 Thread added: 0x00000216fea3e530
Event: 274.850 Thread 0x00000216f76db3f0 Thread added: 0x00000216feacb0b0
Event: 275.470 Thread 0x00000216c2ae6960 Thread exited: 0x00000216c2ae6960
Event: 276.137 Thread 0x00000216fea3e530 Thread added: 0x00000216fea42d60
Event: 283.479 Thread 0x00000216feacb0b0 Thread exited: 0x00000216feacb0b0
Event: 283.915 Thread 0x00000216f76bf3e0 Thread added: 0x00000216feac9570
Event: 286.074 Thread 0x00000216feac9570 Thread exited: 0x00000216feac9570
Event: 292.726 Thread 0x00000216fcd36170 Thread added: 0x00000216fd1b77f0
Event: 318.882 Thread 0x00000216fcd33380 Thread added: 0x00000216fd1bc020
Event: 318.896 Thread 0x00000216fd1bc020 Thread exited: 0x00000216fd1bc020
Event: 318.925 Thread 0x00000216fcd33380 Thread added: 0x00000216fd1bc020
Event: 318.927 Thread 0x00000216fd1bc020 Thread exited: 0x00000216fd1bc020
Event: 318.981 Thread 0x00000216f76db3f0 Thread added: 0x00000216feac9570
Event: 319.151 Thread 0x00000216feac9570 Thread exited: 0x00000216feac9570
Event: 319.237 Thread 0x00000216f76db3f0 Thread added: 0x00000216feacb0b0


Dynamic libraries:
0x00007ff79cad0000 - 0x00007ff79cade000 	c:\Users\loc_1\.vscode\extensions\redhat.java-1.47.0-win32-x64\jre\21.0.8-win32-x86_64\bin\java.exe
0x00007ff8e0e40000 - 0x00007ff8e10a8000 	C:\Windows\SYSTEM32\ntdll.dll
0x00007ff8dff40000 - 0x00007ff8e0009000 	C:\Windows\System32\KERNEL32.DLL
0x00007ff8de100000 - 0x00007ff8de4f2000 	C:\Windows\System32\KERNELBASE.dll
0x00007ff8de960000 - 0x00007ff8deaab000 	C:\Windows\System32\ucrtbase.dll
0x00007ff89c940000 - 0x00007ff89c958000 	c:\Users\loc_1\.vscode\extensions\redhat.java-1.47.0-win32-x64\jre\21.0.8-win32-x86_64\bin\jli.dll
0x00007ff89c920000 - 0x00007ff89c93e000 	c:\Users\loc_1\.vscode\extensions\redhat.java-1.47.0-win32-x64\jre\21.0.8-win32-x86_64\bin\VCRUNTIME140.dll
0x00007ff8dfc70000 - 0x00007ff8dfe35000 	C:\Windows\System32\USER32.dll
0x00007ff8de670000 - 0x00007ff8de697000 	C:\Windows\System32\win32u.dll
0x00007ff8dfc30000 - 0x00007ff8dfc5b000 	C:\Windows\System32\GDI32.dll
0x00007ff8c8a60000 - 0x00007ff8c8cf3000 	C:\Windows\WinSxS\amd64_microsoft.windows.common-controls_6595b64144ccf1df_6.0.26100.6899_none_3e0efeeae32e88c1\COMCTL32.dll
0x00007ff8ddfd0000 - 0x00007ff8de0fd000 	C:\Windows\System32\gdi32full.dll
0x00007ff8e0610000 - 0x00007ff8e06b9000 	C:\Windows\System32\msvcrt.dll
0x00007ff8de730000 - 0x00007ff8de7d3000 	C:\Windows\System32\msvcp_win.dll
0x00007ff8e0b20000 - 0x00007ff8e0b4f000 	C:\Windows\System32\IMM32.DLL
0x00007ff89da70000 - 0x00007ff89da7c000 	c:\Users\loc_1\.vscode\extensions\redhat.java-1.47.0-win32-x64\jre\21.0.8-win32-x86_64\bin\vcruntime140_1.dll
0x00007ff899200000 - 0x00007ff89928d000 	c:\Users\loc_1\.vscode\extensions\redhat.java-1.47.0-win32-x64\jre\21.0.8-win32-x86_64\bin\msvcp140.dll
0x00007ff836ec0000 - 0x00007ff837c57000 	c:\Users\loc_1\.vscode\extensions\redhat.java-1.47.0-win32-x64\jre\21.0.8-win32-x86_64\bin\server\jvm.dll
0x00007ff8dfa70000 - 0x00007ff8dfb24000 	C:\Windows\System32\ADVAPI32.dll
0x00007ff8e07a0000 - 0x00007ff8e0846000 	C:\Windows\System32\sechost.dll
0x00007ff8df360000 - 0x00007ff8df478000 	C:\Windows\System32\RPCRT4.dll
0x00007ff8e0850000 - 0x00007ff8e08c4000 	C:\Windows\System32\WS2_32.dll
0x00007ff8d65c0000 - 0x00007ff8d65cb000 	C:\Windows\SYSTEM32\VERSION.dll
0x00007ff8d6580000 - 0x00007ff8d65b5000 	C:\Windows\SYSTEM32\WINMM.dll
0x00007ff8dde30000 - 0x00007ff8dde8e000 	C:\Windows\SYSTEM32\POWRPROF.dll
0x00007ff8dde10000 - 0x00007ff8dde24000 	C:\Windows\SYSTEM32\UMPDC.dll
0x00007ff8dcda0000 - 0x00007ff8dcdbb000 	C:\Windows\SYSTEM32\kernel.appcore.dll
0x00007ff89da30000 - 0x00007ff89da3a000 	c:\Users\loc_1\.vscode\extensions\redhat.java-1.47.0-win32-x64\jre\21.0.8-win32-x86_64\bin\jimage.dll
0x00007ff8db7d0000 - 0x00007ff8dba12000 	C:\Windows\SYSTEM32\DBGHELP.DLL
0x00007ff8e0290000 - 0x00007ff8e060b000 	C:\Windows\System32\combase.dll
0x00007ff8e06c0000 - 0x00007ff8e0797000 	C:\Windows\System32\OLEAUT32.dll
0x00007ff8c8dd0000 - 0x00007ff8c8e0c000 	C:\Windows\SYSTEM32\dbgcore.DLL
0x00007ff8deab0000 - 0x00007ff8deb48000 	C:\Windows\System32\bcryptPrimitives.dll
0x00007ff89d650000 - 0x00007ff89d65f000 	c:\Users\loc_1\.vscode\extensions\redhat.java-1.47.0-win32-x64\jre\21.0.8-win32-x86_64\bin\instrument.dll
0x00007ff89c900000 - 0x00007ff89c91f000 	c:\Users\loc_1\.vscode\extensions\redhat.java-1.47.0-win32-x64\jre\21.0.8-win32-x86_64\bin\java.dll
0x00007ff8dec10000 - 0x00007ff8df35d000 	C:\Windows\System32\SHELL32.dll
0x00007ff8de500000 - 0x00007ff8de66b000 	C:\Windows\System32\wintypes.dll
0x00007ff8dbc20000 - 0x00007ff8dc47d000 	C:\Windows\SYSTEM32\windows.storage.dll
0x00007ff8dfb30000 - 0x00007ff8dfc22000 	C:\Windows\System32\SHCORE.dll
0x00007ff8df480000 - 0x00007ff8df4e2000 	C:\Windows\System32\shlwapi.dll
0x00007ff8ddef0000 - 0x00007ff8ddf19000 	C:\Windows\SYSTEM32\profapi.dll
0x00007ff899420000 - 0x00007ff899438000 	c:\Users\loc_1\.vscode\extensions\redhat.java-1.47.0-win32-x64\jre\21.0.8-win32-x86_64\bin\zip.dll
0x00007ff89ce20000 - 0x00007ff89ce30000 	C:\Users\loc_1\.vscode\extensions\redhat.java-1.47.0-win32-x64\jre\21.0.8-win32-x86_64\bin\net.dll
0x00007ff8d7d70000 - 0x00007ff8d7e8f000 	C:\Windows\SYSTEM32\WINHTTP.dll
0x00007ff8dd310000 - 0x00007ff8dd37b000 	C:\Windows\system32\mswsock.dll
0x00007ff8991e0000 - 0x00007ff8991f6000 	C:\Users\loc_1\.vscode\extensions\redhat.java-1.47.0-win32-x64\jre\21.0.8-win32-x86_64\bin\nio.dll
0x00007ff89c8f0000 - 0x00007ff89c900000 	c:\Users\loc_1\.vscode\extensions\redhat.java-1.47.0-win32-x64\jre\21.0.8-win32-x86_64\bin\verify.dll
0x00007ff880710000 - 0x00007ff880754000 	C:\Users\loc_1\AppData\Roaming\Code\User\globalStorage\redhat.java\1.47.0\config_win\org.eclipse.equinox.launcher\org.eclipse.equinox.launcher.win32.win32.x86_64_1.2.1400.v20250801-0854\eclipse_11916.dll
0x00007ff8e00e0000 - 0x00007ff8e0278000 	C:\Windows\System32\ole32.dll
0x00007ff8dd5d0000 - 0x00007ff8dd5eb000 	C:\Windows\SYSTEM32\CRYPTSP.dll
0x00007ff8dcd00000 - 0x00007ff8dcd3b000 	C:\Windows\system32\rsaenh.dll
0x00007ff8dd3b0000 - 0x00007ff8dd3db000 	C:\Windows\SYSTEM32\USERENV.dll
0x00007ff8ddec0000 - 0x00007ff8ddee6000 	C:\Windows\SYSTEM32\bcrypt.dll
0x00007ff8dd5c0000 - 0x00007ff8dd5cc000 	C:\Windows\SYSTEM32\CRYPTBASE.dll
0x00007ff8dc850000 - 0x00007ff8dc884000 	C:\Windows\SYSTEM32\IPHLPAPI.DLL
0x00007ff8dfc60000 - 0x00007ff8dfc6a000 	C:\Windows\System32\NSI.dll
0x00007ff86bc00000 - 0x00007ff86bc49000 	C:\Users\loc_1\AppData\Local\Temp\jna-103145202\jna1397813493303686010.dll
0x00007ff8dfa60000 - 0x00007ff8dfa68000 	C:\Windows\System32\PSAPI.DLL
0x00007ff8d7f70000 - 0x00007ff8d7f8e000 	C:\Windows\SYSTEM32\dhcpcsvc6.DLL
0x00007ff8d7f40000 - 0x00007ff8d7f63000 	C:\Windows\SYSTEM32\dhcpcsvc.DLL
0x00007ff8dcec0000 - 0x00007ff8dcef6000 	C:\Windows\SYSTEM32\ntmarta.dll

JVMTI agents:
c:\Users\loc_1\.vscode\extensions\redhat.java-1.47.0-win32-x64\lombok\lombok-1.18.39-4050.jar path:c:\Users\loc_1\.vscode\extensions\redhat.java-1.47.0-win32-x64\jre\21.0.8-win32-x86_64\bin\instrument.dll, loaded, initialized, instrumentlib options:none

dbghelp: loaded successfully - version: 4.0.5 - missing functions: none
symbol engine: initialized successfully - sym options: 0x614 - pdb path: .;c:\Users\loc_1\.vscode\extensions\redhat.java-1.47.0-win32-x64\jre\21.0.8-win32-x86_64\bin;C:\Windows\SYSTEM32;C:\Windows\WinSxS\amd64_microsoft.windows.common-controls_6595b64144ccf1df_6.0.26100.6899_none_3e0efeeae32e88c1;c:\Users\loc_1\.vscode\extensions\redhat.java-1.47.0-win32-x64\jre\21.0.8-win32-x86_64\bin\server;C:\Users\loc_1\AppData\Roaming\Code\User\globalStorage\redhat.java\1.47.0\config_win\org.eclipse.equinox.launcher\org.eclipse.equinox.launcher.win32.win32.x86_64_1.2.1400.v20250801-0854;C:\Users\loc_1\AppData\Local\Temp\jna-103145202

VM Arguments:
jvm_args: --add-modules=ALL-SYSTEM --add-opens=java.base/java.util=ALL-UNNAMED --add-opens=java.base/java.lang=ALL-UNNAMED --add-opens=java.base/sun.nio.fs=ALL-UNNAMED -Declipse.application=org.eclipse.jdt.ls.core.id1 -Dosgi.bundles.defaultStartLevel=4 -Declipse.product=org.eclipse.jdt.ls.core.product -Djava.import.generatesMetadataFilesAtProjectRoot=false -DDetectVMInstallationsJob.disabled=true -Dfile.encoding=utf8 -XX:+UseParallelGC -XX:GCTimeRatio=4 -XX:AdaptiveSizePolicyWeight=90 -Dsun.zip.disableMemoryMapping=true -Xmx2G -Xms100m -Xlog:disable -javaagent:c:\Users\loc_1\.vscode\extensions\redhat.java-1.47.0-win32-x64\lombok\lombok-1.18.39-4050.jar -XX:+HeapDumpOnOutOfMemoryError -XX:HeapDumpPath=c:\Users\loc_1\AppData\Roaming\Code\User\workspaceStorage\8e8c4f5d2c35d41082ddde6eea0cbc64\redhat.java -Daether.dependencyCollector.impl=bf 
java_command: c:\Users\loc_1\.vscode\extensions\redhat.java-1.47.0-win32-x64\server\plugins\org.eclipse.equinox.launcher_1.7.100.v20251014-1222.jar -configuration c:\Users\loc_1\AppData\Roaming\Code\User\globalStorage\redhat.java\1.47.0\config_win -data c:\Users\loc_1\AppData\Roaming\Code\User\workspaceStorage\8e8c4f5d2c35d41082ddde6eea0cbc64\redhat.java\jdt_ws --pipe=\\.\pipe\lsp-a4c6758c41e1e98b7b6ffbebbd51e2f4-sock
java_class_path (initial): c:\Users\loc_1\.vscode\extensions\redhat.java-1.47.0-win32-x64\server\plugins\org.eclipse.equinox.launcher_1.7.100.v20251014-1222.jar
Launcher Type: SUN_STANDARD

[Global flags]
    uintx AdaptiveSizePolicyWeight                 = 90                                        {product} {command line}
     intx CICompilerCount                          = 4                                         {product} {ergonomic}
    uintx GCTimeRatio                              = 4                                         {product} {command line}
     bool HeapDumpOnOutOfMemoryError               = true                                   {manageable} {command line}
    ccstr HeapDumpPath                             = c:\Users\loc_1\AppData\Roaming\Code\User\workspaceStorage\8e8c4f5d2c35d41082ddde6eea0cbc64\redhat.java         {manageable} {command line}
   size_t InitialHeapSize                          = 104857600                                 {product} {command line}
   size_t MaxHeapSize                              = 2147483648                                {product} {command line}
   size_t MaxNewSize                               = 715653120                                 {product} {ergonomic}
   size_t MinHeapDeltaBytes                        = 524288                                    {product} {ergonomic}
   size_t MinHeapSize                              = 104857600                                 {product} {command line}
   size_t NewSize                                  = 34603008                                  {product} {ergonomic}
    uintx NonNMethodCodeHeapSize                   = 5839372                                {pd product} {ergonomic}
    uintx NonProfiledCodeHeapSize                  = 122909434                              {pd product} {ergonomic}
   size_t OldSize                                  = 70254592                                  {product} {ergonomic}
    uintx ProfiledCodeHeapSize                     = 122909434                              {pd product} {ergonomic}
    uintx ReservedCodeCacheSize                    = 251658240                              {pd product} {ergonomic}
     bool SegmentedCodeCache                       = true                                      {product} {ergonomic}
   size_t SoftMaxHeapSize                          = 2147483648                             {manageable} {ergonomic}
     bool UseCompressedOops                        = true                           {product lp64_product} {ergonomic}
     bool UseLargePagesIndividualAllocation        = false                                  {pd product} {ergonomic}
     bool UseParallelGC                            = true                                      {product} {command line}

Logging:
Log output configuration:
 #0: stdout all=off uptime,level,tags foldmultilines=false
 #1: stderr all=off uptime,level,tags foldmultilines=false

Environment Variables:
PATH=C:\Program Files\Eclipse Adoptium\jdk-22.0.2.9-hotspot\bin;C:\Program Files\Eclipse Adoptium\jdk-25.0.0.36-hotspot\bin;C:\Program Files\Common Files\Oracle\Java\javapath;C:\Windows\system32;C:\Windows;C:\Windows\System32\Wbem;C:\Windows\System32\WindowsPowerShell\v1.0\;C:\Windows\System32\OpenSSH\;C:\Program Files\Git\cmd;C:\Program Files\nodejs\;C:\Program Files\PuTTY\;C:\Program Files\Docker\Docker\resources\bin;C:\maven\apache-maven-3.9.11\bin;C:\Program Files\PowerShell\7\;C:\Users\loc_1\AppData\Local\Microsoft\WindowsApps;C:\Users\loc_1\AppData\Local\Programs\Microsoft VS Code\bin;C:\Users\loc_1\AppData\Roaming\npm;C:\maven\apache-maven-3.9.11\bin;
USERNAME=loc_1
OS=Windows_NT
PROCESSOR_IDENTIFIER=AMD64 Family 25 Model 80 Stepping 0, AuthenticAMD
TMP=C:\Users\loc_1\AppData\Local\Temp
TEMP=C:\Users\loc_1\AppData\Local\Temp




Periodic native trim disabled

---------------  S Y S T E M  ---------------

OS:
 Windows 11 , 64 bit Build 26100 (10.0.26100.6725)
OS uptime: 1 days 3:18 hours
Hyper-V role detected

CPU: total 12 (initial active 12) (12 cores per cpu, 2 threads per core) family 25 model 80 stepping 0 microcode 0xa500014, cx8, cmov, fxsr, ht, mmx, 3dnowpref, sse, sse2, sse3, ssse3, sse4a, sse4.1, sse4.2, popcnt, lzcnt, tsc, tscinvbit, avx, avx2, aes, erms, clmul, bmi1, bmi2, adx, sha, fma, vzeroupper, clflush, clflushopt, hv, rdtscp, rdpid, fsrm, f16c, cet_ss
Processor Information for processor 0
  Max Mhz: 2301, Current Mhz: 1798, Mhz Limit: 2301
Processor Information for processor 1
  Max Mhz: 2301, Current Mhz: 1798, Mhz Limit: 2301
Processor Information for processor 2
  Max Mhz: 2301, Current Mhz: 2301, Mhz Limit: 2301
Processor Information for processor 3
  Max Mhz: 2301, Current Mhz: 2301, Mhz Limit: 2301
Processor Information for processor 4
  Max Mhz: 2301, Current Mhz: 1798, Mhz Limit: 2301
Processor Information for processor 5
  Max Mhz: 2301, Current Mhz: 1798, Mhz Limit: 2301
Processor Information for processor 6
  Max Mhz: 2301, Current Mhz: 1798, Mhz Limit: 2301
Processor Information for processor 7
  Max Mhz: 2301, Current Mhz: 2301, Mhz Limit: 2301
Processor Information for processor 8
  Max Mhz: 2301, Current Mhz: 2301, Mhz Limit: 2301
Processor Information for processor 9
  Max Mhz: 2301, Current Mhz: 2301, Mhz Limit: 2301
Processor Information for processor 10
  Max Mhz: 2301, Current Mhz: 2301, Mhz Limit: 2301
Processor Information for processor 11
  Max Mhz: 2301, Current Mhz: 2301, Mhz Limit: 2301

Memory: 4k page, system-wide physical 5981M (662M free)
TotalPageFile size 24413M (AvailPageFile size 19M)
current process WorkingSet (physical memory assigned to process): 237M, peak: 313M
current process commit charge ("private bytes"): 524M, peak: 525M

vm_info: OpenJDK 64-Bit Server VM (21.0.8+9-LTS) for windows-amd64 JRE (21.0.8+9-LTS), built on 2025-07-15T00:00:00Z by "admin" with MS VC++ 17.7 (VS2022)

END.
